#
# There is insufficient memory for the Java Runtime Environment to continue.
# Native memory allocation (malloc) failed to allocate 556880 bytes for Chunk::new
# Possible reasons:
#   The system is out of physical RAM or swap space
#   The process is running with CompressedOops enabled, and the Java Heap may be blocking the growth of the native heap
# Possible solutions:
#   Reduce memory load on the system
#   Increase physical memory or swap space
#   Check if swap backing store is full
#   Decrease Java heap size (-Xmx/-Xms)
#   Decrease number of Java threads
#   Decrease Java thread stack sizes (-Xss)
#   Set larger code cache with -XX:ReservedCodeCacheSize=
#   JVM is running with Unscaled Compressed Oops mode in which the Java heap is
#     placed in the first 4GB address space. The Java Heap base address is the
#     maximum limit for the native heap growth. Please use -XX:HeapBaseMinAddress
#     to set the Java Heap base and to place the Java Heap above 4GB virtual address.
# This output file may be truncated or incomplete.
#
#  Out of Memory Error (arena.cpp:168), pid=21988, tid=12636
#
# JRE version: Java(TM) SE Runtime Environment (21.0.6+8) (build 21.0.6+8-LTS-188)
# Java VM: Java HotSpot(TM) 64-Bit Server VM (21.0.6+8-LTS-188, mixed mode, sharing, tiered, compressed oops, compressed class ptrs, g1 gc, windows-amd64)
# No core dump will be written. Minidumps are not enabled by default on client versions of Windows
#

---------------  S U M M A R Y ------------

Command Line: -javaagent:C:\Program Files\JetBrains\IntelliJ IDEA Community Edition 2024.3.3\lib\idea_rt.jar=63580:C:\Program Files\JetBrains\IntelliJ IDEA Community Edition 2024.3.3\bin -Dfile.encoding=UTF-8 -Dsun.stdout.encoding=UTF-8 -Dsun.stderr.encoding=UTF-8 com.aristiec.schoolmanagementsystem.SchoolmanagementsystemApplication

Host: AMD Ryzen 5 3500U with Radeon Vega Mobile Gfx  , 8 cores, 5G,  Windows 10 , 64 bit Build 19041 (10.0.19041.5915)
Time: Thu Aug  7 02:21:11 2025 India Standard Time elapsed time: 499.816823 seconds (0d 0h 8m 19s)

---------------  T H R E A D  ---------------

Current thread (0x000001b3654a3bd0):  JavaThread "C2 CompilerThread0" daemon [_thread_in_native, id=12636, stack(0x000000611ff00000,0x0000006120000000) (1024K)]


Current CompileTask:
C2: 499819 16534       4       java.nio.file.FileTreeIterator::fetchNextIfNeeded (65 bytes)

Stack: [0x000000611ff00000,0x0000006120000000]
Native frames: (J=compiled Java code, j=interpreted, Vv=VM code, C=native code)
V  [jvm.dll+0x6ca6d9]
V  [jvm.dll+0x854f51]
V  [jvm.dll+0x85747e]
V  [jvm.dll+0x857b53]
V  [jvm.dll+0x27dcc6]
V  [jvm.dll+0xc4c2d]
V  [jvm.dll+0xc5163]
V  [jvm.dll+0x3b515c]
V  [jvm.dll+0x1df829]
V  [jvm.dll+0x246a72]
V  [jvm.dll+0x245eff]
V  [jvm.dll+0x1c6d2e]
V  [jvm.dll+0x2554f9]
V  [jvm.dll+0x253a8a]
V  [jvm.dll+0x3ee576]
V  [jvm.dll+0x7ff2fb]
V  [jvm.dll+0x6c8dbd]
C  [ucrtbase.dll+0x21bb2]
C  [KERNEL32.DLL+0x17374]
C  [ntdll.dll+0x4cc91]


---------------  P R O C E S S  ---------------

Threads class SMR info:
_java_thread_list=0x000001b36c945070, length=16, elements={
0x000001b36546bc30, 0x000001b36546c890, 0x000001b36546eb40, 0x000001b36546fc20,
0x000001b36547acb0, 0x000001b3654a1020, 0x000001b3654a3bd0, 0x000001b3654a6aa0,
0x000001b3657937d0, 0x000001b3657944f0, 0x000001b365793140, 0x000001b365791d90,
0x000001b36daac140, 0x000001b36f351e50, 0x000001b37411aa40, 0x000001b374118970
}
_to_delete_list=0x000001b36c9446e0, length=15, elements={
0x000001b36546bc30, 0x000001b36546c890, 0x000001b36546eb40, 0x000001b36546fc20,
0x000001b36547acb0, 0x000001b3654a1020, 0x000001b3654a3bd0, 0x000001b3654a6aa0,
0x000001b3657937d0, 0x000001b3657944f0, 0x000001b365793140, 0x000001b365791d90,
0x000001b36daac140, 0x000001b36f351e50, 0x000001b37411aa40
}

Java Threads: ( => current thread )
  0x000001b36546bc30 JavaThread "Reference Handler"          daemon [_thread_blocked, id=10456, stack(0x000000611f900000,0x000000611fa00000) (1024K)]
  0x000001b36546c890 JavaThread "Finalizer"                  daemon [_thread_blocked, id=3732, stack(0x000000611fa00000,0x000000611fb00000) (1024K)]
  0x000001b36546eb40 JavaThread "Signal Dispatcher"          daemon [_thread_blocked, id=15672, stack(0x000000611fb00000,0x000000611fc00000) (1024K)]
  0x000001b36546fc20 JavaThread "Attach Listener"            daemon [_thread_blocked, id=5028, stack(0x000000611fc00000,0x000000611fd00000) (1024K)]
  0x000001b36547acb0 JavaThread "Service Thread"             daemon [_thread_in_vm, id=7824, stack(0x000000611fd00000,0x000000611fe00000) (1024K)]
  0x000001b3654a1020 JavaThread "Monitor Deflation Thread"   daemon [_thread_blocked, id=13472, stack(0x000000611fe00000,0x000000611ff00000) (1024K)]
=>0x000001b3654a3bd0 JavaThread "C2 CompilerThread0"         daemon [_thread_in_native, id=12636, stack(0x000000611ff00000,0x0000006120000000) (1024K)]
  0x000001b3654a6aa0 JavaThread "C1 CompilerThread0"         daemon [_thread_blocked, id=16332, stack(0x0000006120000000,0x0000006120100000) (1024K)]
  0x000001b3657937d0 JavaThread "Common-Cleaner"             daemon [_thread_blocked, id=8980, stack(0x0000006120100000,0x0000006120200000) (1024K)]
  0x000001b3657944f0 JavaThread "Monitor Ctrl-Break"         daemon [_thread_in_native, id=24504, stack(0x0000006120200000,0x0000006120300000) (1024K)]
  0x000001b365793140 JavaThread "Notification Thread"        daemon [_thread_blocked, id=23148, stack(0x0000006120300000,0x0000006120400000) (1024K)]
  0x000001b365791d90 JavaThread "mysql-cj-abandoned-connection-cleanup" daemon [_thread_blocked, id=4308, stack(0x0000006120f00000,0x0000006121000000) (1024K)]
  0x000001b36daac140 JavaThread "Live Reload Server"         daemon [_thread_in_native, id=2944, stack(0x0000006121600000,0x0000006121700000) (1024K)]
  0x000001b36f351e50 JavaThread "DestroyJavaVM"                     [_thread_blocked, id=24092, stack(0x000000611f100000,0x000000611f200000) (1024K)]
  0x000001b37411aa40 JavaThread "Thread-5"                          [_thread_blocked, id=20460, stack(0x000000611ee00000,0x000000611ef00000) (1024K)]
  0x000001b374118970 JavaThread "restartedMain"                     [_thread_in_native, id=9644, stack(0x000000611ef00000,0x000000611f000000) (1024K)]
Total: 16

Other Threads:
  0x000001b365450690 VMThread "VM Thread"                           [id=23236, stack(0x000000611f800000,0x000000611f900000) (1024K)]
  0x000001b365441f00 WatcherThread "VM Periodic Task Thread"        [id=22680, stack(0x000000611f700000,0x000000611f800000) (1024K)]
  0x000001b349559fd0 WorkerThread "GC Thread#0"                     [id=12540, stack(0x000000611f200000,0x000000611f300000) (1024K)]
  0x000001b36a7ca590 WorkerThread "GC Thread#1"                     [id=2584, stack(0x0000006120400000,0x0000006120500000) (1024K)]
  0x000001b36a84d8b0 WorkerThread "GC Thread#2"                     [id=4304, stack(0x0000006120500000,0x0000006120600000) (1024K)]
  0x000001b36a65b380 WorkerThread "GC Thread#3"                     [id=10252, stack(0x0000006120600000,0x0000006120700000) (1024K)]
  0x000001b36a65b720 WorkerThread "GC Thread#4"                     [id=23616, stack(0x0000006120700000,0x0000006120800000) (1024K)]
  0x000001b36ac9fae0 WorkerThread "GC Thread#5"                     [id=23488, stack(0x0000006120b00000,0x0000006120c00000) (1024K)]
  0x000001b36ac9e8c0 WorkerThread "GC Thread#6"                     [id=12404, stack(0x0000006120c00000,0x0000006120d00000) (1024K)]
  0x000001b36ac9e520 WorkerThread "GC Thread#7"                     [id=13056, stack(0x0000006120d00000,0x0000006120e00000) (1024K)]
  0x000001b349567d80 ConcurrentGCThread "G1 Main Marker"            [id=21200, stack(0x000000611f300000,0x000000611f400000) (1024K)]
  0x000001b349568690 WorkerThread "G1 Conc#0"                       [id=11952, stack(0x000000611f400000,0x000000611f500000) (1024K)]
  0x000001b36ac9e180 WorkerThread "G1 Conc#1"                       [id=14536, stack(0x0000006120a00000,0x0000006120b00000) (1024K)]
  0x000001b3495ce9a0 ConcurrentGCThread "G1 Refine#0"               [id=4496, stack(0x000000611f500000,0x000000611f600000) (1024K)]
  0x000001b3653148c0 ConcurrentGCThread "G1 Service"                [id=10652, stack(0x000000611f600000,0x000000611f700000) (1024K)]
Total: 15

Threads with active compile tasks:
C2 CompilerThread0   500313 16534       4       java.nio.file.FileTreeIterator::fetchNextIfNeeded (65 bytes)
Total: 1

VM state: not at safepoint (normal execution)

VM Mutex/Monitor currently owned by a thread: None

Heap address: 0x00000000a1400000, size: 1516 MB, Compressed Oops mode: 32-bit

CDS archive(s) mapped at: [0x000001b300000000-0x000001b300c90000-0x000001b300c90000), size 13172736, SharedBaseAddress: 0x000001b300000000, ArchiveRelocationMode: 1.
Compressed class space mapped at: 0x000001b301000000-0x000001b341000000, reserved size: 1073741824
Narrow klass base: 0x000001b300000000, Narrow klass shift: 0, Narrow klass range: 0x100000000

GC Precious Log:
 CardTable entry size: 512
 Card Set container configuration: InlinePtr #cards 5 size 8 Array Of Cards #cards 12 size 40 Howl #buckets 4 coarsen threshold 1843 Howl Bitmap #cards 512 size 80 coarsen threshold 460 Card regions per heap region 1 cards per card region 2048
 CPUs: 8 total, 8 available
 Memory: 6058M
 Large Page Support: Disabled
 NUMA Support: Disabled
 Compressed Oops: Enabled (32-bit)
 Heap Region Size: 1M
 Heap Min Capacity: 8M
 Heap Initial Capacity: 96M
 Heap Max Capacity: 1516M
 Pre-touch: Disabled
 Parallel Workers: 8
 Concurrent Workers: 2
 Concurrent Refinement Workers: 8
 Periodic GC: Disabled

Heap:
 garbage-first heap   total 219136K, used 67338K [0x00000000a1400000, 0x0000000100000000)
  region size 1024K, 8 young (8192K), 0 survivors (0K)
 Metaspace       used 102783K, committed 103872K, reserved 1179648K
  class space    used 13498K, committed 14016K, reserved 1048576K

Heap Regions: E=young(eden), S=young(survivor), O=old, HS=humongous(starts), HC=humongous(continues), CS=collection set, F=free, TAMS=top-at-mark-start, PB=parsable bottom
|   0|0x00000000a1400000, 0x00000000a1500000, 0x00000000a1500000|100%|HS|  |TAMS 0x00000000a1400000| PB 0x00000000a1400000| Untracked 
|   1|0x00000000a1500000, 0x00000000a1600000, 0x00000000a1600000|100%|HS|  |TAMS 0x00000000a1500000| PB 0x00000000a1500000| Untracked 
|   2|0x00000000a1600000, 0x00000000a16fff90, 0x00000000a1700000| 99%| O|  |TAMS 0x00000000a1600000| PB 0x00000000a1600000| Untracked 
|   3|0x00000000a1700000, 0x00000000a1800000, 0x00000000a1800000|100%| O|  |TAMS 0x00000000a1700000| PB 0x00000000a1700000| Untracked 
|   4|0x00000000a1800000, 0x00000000a1900000, 0x00000000a1900000|100%| O|  |TAMS 0x00000000a1800000| PB 0x00000000a1800000| Untracked 
|   5|0x00000000a1900000, 0x00000000a1a00000, 0x00000000a1a00000|100%| O|  |TAMS 0x00000000a1900000| PB 0x00000000a1900000| Untracked 
|   6|0x00000000a1a00000, 0x00000000a1afffc8, 0x00000000a1b00000| 99%| O|  |TAMS 0x00000000a1a00000| PB 0x00000000a1a00000| Untracked 
|   7|0x00000000a1b00000, 0x00000000a1bffff8, 0x00000000a1c00000| 99%| O|  |TAMS 0x00000000a1b00000| PB 0x00000000a1b00000| Untracked 
|   8|0x00000000a1c00000, 0x00000000a1d00000, 0x00000000a1d00000|100%| O|  |TAMS 0x00000000a1c00000| PB 0x00000000a1c00000| Untracked 
|   9|0x00000000a1d00000, 0x00000000a1dfffb8, 0x00000000a1e00000| 99%| O|  |TAMS 0x00000000a1d00000| PB 0x00000000a1d00000| Untracked 
|  10|0x00000000a1e00000, 0x00000000a1effff0, 0x00000000a1f00000| 99%| O|  |TAMS 0x00000000a1e00000| PB 0x00000000a1e00000| Untracked 
|  11|0x00000000a1f00000, 0x00000000a2000000, 0x00000000a2000000|100%| O|  |TAMS 0x00000000a1f00000| PB 0x00000000a1f00000| Untracked 
|  12|0x00000000a2000000, 0x00000000a20fffe8, 0x00000000a2100000| 99%| O|  |TAMS 0x00000000a2000000| PB 0x00000000a2000000| Untracked 
|  13|0x00000000a2100000, 0x00000000a21fffe0, 0x00000000a2200000| 99%| O|  |TAMS 0x00000000a2100000| PB 0x00000000a2100000| Untracked 
|  14|0x00000000a2200000, 0x00000000a22fffc8, 0x00000000a2300000| 99%| O|  |TAMS 0x00000000a2200000| PB 0x00000000a2200000| Untracked 
|  15|0x00000000a2300000, 0x00000000a23fffa8, 0x00000000a2400000| 99%| O|  |TAMS 0x00000000a2300000| PB 0x00000000a2300000| Untracked 
|  16|0x00000000a2400000, 0x00000000a24fffd0, 0x00000000a2500000| 99%| O|  |TAMS 0x00000000a2400000| PB 0x00000000a2400000| Untracked 
|  17|0x00000000a2500000, 0x00000000a25ffff0, 0x00000000a2600000| 99%| O|  |TAMS 0x00000000a2500000| PB 0x00000000a2500000| Untracked 
|  18|0x00000000a2600000, 0x00000000a26ffff0, 0x00000000a2700000| 99%| O|  |TAMS 0x00000000a2600000| PB 0x00000000a2600000| Untracked 
|  19|0x00000000a2700000, 0x00000000a27fffe0, 0x00000000a2800000| 99%| O|  |TAMS 0x00000000a2700000| PB 0x00000000a2700000| Untracked 
|  20|0x00000000a2800000, 0x00000000a28ffff8, 0x00000000a2900000| 99%| O|  |TAMS 0x00000000a2800000| PB 0x00000000a2800000| Untracked 
|  21|0x00000000a2900000, 0x00000000a2a00000, 0x00000000a2a00000|100%| O|  |TAMS 0x00000000a2900000| PB 0x00000000a2900000| Untracked 
|  22|0x00000000a2a00000, 0x00000000a2afffe8, 0x00000000a2b00000| 99%| O|  |TAMS 0x00000000a2a00000| PB 0x00000000a2a00000| Untracked 
|  23|0x00000000a2b00000, 0x00000000a2bfffd0, 0x00000000a2c00000| 99%| O|  |TAMS 0x00000000a2b00000| PB 0x00000000a2b00000| Untracked 
|  24|0x00000000a2c00000, 0x00000000a2cfffa8, 0x00000000a2d00000| 99%| O|  |TAMS 0x00000000a2c00000| PB 0x00000000a2c00000| Untracked 
|  25|0x00000000a2d00000, 0x00000000a2e00000, 0x00000000a2e00000|100%| O|  |TAMS 0x00000000a2d00000| PB 0x00000000a2d00000| Untracked 
|  26|0x00000000a2e00000, 0x00000000a2efffe8, 0x00000000a2f00000| 99%| O|  |TAMS 0x00000000a2e00000| PB 0x00000000a2e00000| Untracked 
|  27|0x00000000a2f00000, 0x00000000a3000000, 0x00000000a3000000|100%| O|  |TAMS 0x00000000a2f00000| PB 0x00000000a2f00000| Untracked 
|  28|0x00000000a3000000, 0x00000000a30fff10, 0x00000000a3100000| 99%| O|  |TAMS 0x00000000a3000000| PB 0x00000000a3000000| Untracked 
|  29|0x00000000a3100000, 0x00000000a31ffff8, 0x00000000a3200000| 99%| O|  |TAMS 0x00000000a3100000| PB 0x00000000a3100000| Untracked 
|  30|0x00000000a3200000, 0x00000000a3300000, 0x00000000a3300000|100%| O|  |TAMS 0x00000000a3200000| PB 0x00000000a3200000| Untracked 
|  31|0x00000000a3300000, 0x00000000a33ffff8, 0x00000000a3400000| 99%| O|  |TAMS 0x00000000a3300000| PB 0x00000000a3300000| Untracked 
|  32|0x00000000a3400000, 0x00000000a34fffe8, 0x00000000a3500000| 99%| O|  |TAMS 0x00000000a3400000| PB 0x00000000a3400000| Untracked 
|  33|0x00000000a3500000, 0x00000000a35fffe8, 0x00000000a3600000| 99%| O|  |TAMS 0x00000000a3500000| PB 0x00000000a3500000| Untracked 
|  34|0x00000000a3600000, 0x00000000a36fe9b0, 0x00000000a3700000| 99%| O|  |TAMS 0x00000000a3600000| PB 0x00000000a3600000| Untracked 
|  35|0x00000000a3700000, 0x00000000a37fff80, 0x00000000a3800000| 99%| O|  |TAMS 0x00000000a3700000| PB 0x00000000a3700000| Untracked 
|  36|0x00000000a3800000, 0x00000000a38ffff0, 0x00000000a3900000| 99%| O|  |TAMS 0x00000000a3800000| PB 0x00000000a3800000| Untracked 
|  37|0x00000000a3900000, 0x00000000a3a00000, 0x00000000a3a00000|100%| O|  |TAMS 0x00000000a3900000| PB 0x00000000a3900000| Untracked 
|  38|0x00000000a3a00000, 0x00000000a3b00000, 0x00000000a3b00000|100%| O|  |TAMS 0x00000000a3a00000| PB 0x00000000a3a00000| Untracked 
|  39|0x00000000a3b00000, 0x00000000a3c00000, 0x00000000a3c00000|100%| O|  |TAMS 0x00000000a3b00000| PB 0x00000000a3b00000| Untracked 
|  40|0x00000000a3c00000, 0x00000000a3cffff8, 0x00000000a3d00000| 99%| O|  |TAMS 0x00000000a3c00000| PB 0x00000000a3c00000| Untracked 
|  41|0x00000000a3d00000, 0x00000000a3dffff0, 0x00000000a3e00000| 99%| O|  |TAMS 0x00000000a3d00000| PB 0x00000000a3d00000| Untracked 
|  42|0x00000000a3e00000, 0x00000000a3f00000, 0x00000000a3f00000|100%| O|  |TAMS 0x00000000a3e00000| PB 0x00000000a3e00000| Untracked 
|  43|0x00000000a3f00000, 0x00000000a3fffff0, 0x00000000a4000000| 99%| O|  |TAMS 0x00000000a3f00000| PB 0x00000000a3f00000| Untracked 
|  44|0x00000000a4000000, 0x00000000a4100000, 0x00000000a4100000|100%| O|  |TAMS 0x00000000a4000000| PB 0x00000000a4000000| Untracked 
|  45|0x00000000a4100000, 0x00000000a4200000, 0x00000000a4200000|100%| O|  |TAMS 0x00000000a4100000| PB 0x00000000a4100000| Untracked 
|  46|0x00000000a4200000, 0x00000000a4300000, 0x00000000a4300000|100%| O|  |TAMS 0x00000000a4200000| PB 0x00000000a4200000| Untracked 
|  47|0x00000000a4300000, 0x00000000a4347e98, 0x00000000a4400000| 28%| O|  |TAMS 0x00000000a4300000| PB 0x00000000a4300000| Untracked 
|  48|0x00000000a4400000, 0x00000000a4500000, 0x00000000a4500000|100%| O|  |TAMS 0x00000000a4400000| PB 0x00000000a4400000| Untracked 
|  49|0x00000000a4500000, 0x00000000a4600000, 0x00000000a4600000|100%| O|  |TAMS 0x00000000a4500000| PB 0x00000000a4500000| Untracked 
|  50|0x00000000a4600000, 0x00000000a4638ff8, 0x00000000a4700000| 22%| O|  |TAMS 0x00000000a4600000| PB 0x00000000a4600000| Untracked 
|  51|0x00000000a4700000, 0x00000000a4739308, 0x00000000a4800000| 22%| O|  |TAMS 0x00000000a4700000| PB 0x00000000a4700000| Untracked 
|  52|0x00000000a4800000, 0x00000000a4900000, 0x00000000a4900000|100%| O|  |TAMS 0x00000000a4800000| PB 0x00000000a4800000| Untracked 
|  53|0x00000000a4900000, 0x00000000a499bbe8, 0x00000000a4a00000| 60%| O|  |TAMS 0x00000000a4900000| PB 0x00000000a4900000| Untracked 
|  54|0x00000000a4a00000, 0x00000000a4afffe0, 0x00000000a4b00000| 99%| O|  |TAMS 0x00000000a4a00000| PB 0x00000000a4a00000| Untracked 
|  55|0x00000000a4b00000, 0x00000000a4c00000, 0x00000000a4c00000|100%| O|  |TAMS 0x00000000a4b00000| PB 0x00000000a4b00000| Untracked 
|  56|0x00000000a4c00000, 0x00000000a4d00000, 0x00000000a4d00000|100%| O|  |TAMS 0x00000000a4c00000| PB 0x00000000a4c00000| Untracked 
|  57|0x00000000a4d00000, 0x00000000a4d53d68, 0x00000000a4e00000| 32%| O|  |TAMS 0x00000000a4d00000| PB 0x00000000a4d00000| Untracked 
|  58|0x00000000a4e00000, 0x00000000a4efffd8, 0x00000000a4f00000| 99%| O|  |TAMS 0x00000000a4e00000| PB 0x00000000a4e00000| Untracked 
|  59|0x00000000a4f00000, 0x00000000a4f00000, 0x00000000a5000000|  0%| F|  |TAMS 0x00000000a4f00000| PB 0x00000000a4f00000| Untracked 
|  60|0x00000000a5000000, 0x00000000a5100000, 0x00000000a5100000|100%| O|  |TAMS 0x00000000a5000000| PB 0x00000000a5000000| Untracked 
|  61|0x00000000a5100000, 0x00000000a5100000, 0x00000000a5200000|  0%| F|  |TAMS 0x00000000a5100000| PB 0x00000000a5100000| Untracked 
|  62|0x00000000a5200000, 0x00000000a5200000, 0x00000000a5300000|  0%| F|  |TAMS 0x00000000a5200000| PB 0x00000000a5200000| Untracked 
|  63|0x00000000a5300000, 0x00000000a5400000, 0x00000000a5400000|100%| O|  |TAMS 0x00000000a5300000| PB 0x00000000a5300000| Untracked 
|  64|0x00000000a5400000, 0x00000000a5500000, 0x00000000a5500000|100%| O|  |TAMS 0x00000000a5400000| PB 0x00000000a5400000| Untracked 
|  65|0x00000000a5500000, 0x00000000a5500000, 0x00000000a5600000|  0%| F|  |TAMS 0x00000000a5500000| PB 0x00000000a5500000| Untracked 
|  66|0x00000000a5600000, 0x00000000a5618a90, 0x00000000a5700000|  9%| O|  |TAMS 0x00000000a5600000| PB 0x00000000a5600000| Untracked 
|  67|0x00000000a5700000, 0x00000000a5700000, 0x00000000a5800000|  0%| F|  |TAMS 0x00000000a5700000| PB 0x00000000a5700000| Untracked 
|  68|0x00000000a5800000, 0x00000000a5801f68, 0x00000000a5900000|  0%| O|  |TAMS 0x00000000a5800000| PB 0x00000000a5800000| Untracked 
|  69|0x00000000a5900000, 0x00000000a5900000, 0x00000000a5a00000|  0%| F|  |TAMS 0x00000000a5900000| PB 0x00000000a5900000| Untracked 
|  70|0x00000000a5a00000, 0x00000000a5a00000, 0x00000000a5b00000|  0%| F|  |TAMS 0x00000000a5a00000| PB 0x00000000a5a00000| Untracked 
|  71|0x00000000a5b00000, 0x00000000a5b00000, 0x00000000a5c00000|  0%| F|  |TAMS 0x00000000a5b00000| PB 0x00000000a5b00000| Untracked 
|  72|0x00000000a5c00000, 0x00000000a5c00000, 0x00000000a5d00000|  0%| F|  |TAMS 0x00000000a5c00000| PB 0x00000000a5c00000| Untracked 
|  73|0x00000000a5d00000, 0x00000000a5d00000, 0x00000000a5e00000|  0%| F|  |TAMS 0x00000000a5d00000| PB 0x00000000a5d00000| Untracked 
|  74|0x00000000a5e00000, 0x00000000a5e00000, 0x00000000a5f00000|  0%| F|  |TAMS 0x00000000a5e00000| PB 0x00000000a5e00000| Untracked 
|  75|0x00000000a5f00000, 0x00000000a5f00000, 0x00000000a6000000|  0%| F|  |TAMS 0x00000000a5f00000| PB 0x00000000a5f00000| Untracked 
|  76|0x00000000a6000000, 0x00000000a6000000, 0x00000000a6100000|  0%| F|  |TAMS 0x00000000a6000000| PB 0x00000000a6000000| Untracked 
|  77|0x00000000a6100000, 0x00000000a6100000, 0x00000000a6200000|  0%| F|  |TAMS 0x00000000a6100000| PB 0x00000000a6100000| Untracked 
|  78|0x00000000a6200000, 0x00000000a6200000, 0x00000000a6300000|  0%| F|  |TAMS 0x00000000a6200000| PB 0x00000000a6200000| Untracked 
|  79|0x00000000a6300000, 0x00000000a6300000, 0x00000000a6400000|  0%| F|  |TAMS 0x00000000a6300000| PB 0x00000000a6300000| Untracked 
|  80|0x00000000a6400000, 0x00000000a6400000, 0x00000000a6500000|  0%| F|  |TAMS 0x00000000a6400000| PB 0x00000000a6400000| Untracked 
|  81|0x00000000a6500000, 0x00000000a6500000, 0x00000000a6600000|  0%| F|  |TAMS 0x00000000a6500000| PB 0x00000000a6500000| Untracked 
|  82|0x00000000a6600000, 0x00000000a6600000, 0x00000000a6700000|  0%| F|  |TAMS 0x00000000a6600000| PB 0x00000000a6600000| Untracked 
|  83|0x00000000a6700000, 0x00000000a6700000, 0x00000000a6800000|  0%| F|  |TAMS 0x00000000a6700000| PB 0x00000000a6700000| Untracked 
|  84|0x00000000a6800000, 0x00000000a6800000, 0x00000000a6900000|  0%| F|  |TAMS 0x00000000a6800000| PB 0x00000000a6800000| Untracked 
|  85|0x00000000a6900000, 0x00000000a6900000, 0x00000000a6a00000|  0%| F|  |TAMS 0x00000000a6900000| PB 0x00000000a6900000| Untracked 
|  86|0x00000000a6a00000, 0x00000000a6a00000, 0x00000000a6b00000|  0%| F|  |TAMS 0x00000000a6a00000| PB 0x00000000a6a00000| Untracked 
|  87|0x00000000a6b00000, 0x00000000a6b00000, 0x00000000a6c00000|  0%| F|  |TAMS 0x00000000a6b00000| PB 0x00000000a6b00000| Untracked 
|  88|0x00000000a6c00000, 0x00000000a6c00000, 0x00000000a6d00000|  0%| F|  |TAMS 0x00000000a6c00000| PB 0x00000000a6c00000| Untracked 
|  89|0x00000000a6d00000, 0x00000000a6d00000, 0x00000000a6e00000|  0%| F|  |TAMS 0x00000000a6d00000| PB 0x00000000a6d00000| Untracked 
|  90|0x00000000a6e00000, 0x00000000a6e00000, 0x00000000a6f00000|  0%| F|  |TAMS 0x00000000a6e00000| PB 0x00000000a6e00000| Untracked 
|  91|0x00000000a6f00000, 0x00000000a6f00000, 0x00000000a7000000|  0%| F|  |TAMS 0x00000000a6f00000| PB 0x00000000a6f00000| Untracked 
|  92|0x00000000a7000000, 0x00000000a7000000, 0x00000000a7100000|  0%| F|  |TAMS 0x00000000a7000000| PB 0x00000000a7000000| Untracked 
|  93|0x00000000a7100000, 0x00000000a7100000, 0x00000000a7200000|  0%| F|  |TAMS 0x00000000a7100000| PB 0x00000000a7100000| Untracked 
|  94|0x00000000a7200000, 0x00000000a7200000, 0x00000000a7300000|  0%| F|  |TAMS 0x00000000a7200000| PB 0x00000000a7200000| Untracked 
|  95|0x00000000a7300000, 0x00000000a7300000, 0x00000000a7400000|  0%| F|  |TAMS 0x00000000a7300000| PB 0x00000000a7300000| Untracked 
|  96|0x00000000a7400000, 0x00000000a7400000, 0x00000000a7500000|  0%| F|  |TAMS 0x00000000a7400000| PB 0x00000000a7400000| Untracked 
|  97|0x00000000a7500000, 0x00000000a7500000, 0x00000000a7600000|  0%| F|  |TAMS 0x00000000a7500000| PB 0x00000000a7500000| Untracked 
|  98|0x00000000a7600000, 0x00000000a7600000, 0x00000000a7700000|  0%| F|  |TAMS 0x00000000a7600000| PB 0x00000000a7600000| Untracked 
|  99|0x00000000a7700000, 0x00000000a7700000, 0x00000000a7800000|  0%| F|  |TAMS 0x00000000a7700000| PB 0x00000000a7700000| Untracked 
| 100|0x00000000a7800000, 0x00000000a7800000, 0x00000000a7900000|  0%| F|  |TAMS 0x00000000a7800000| PB 0x00000000a7800000| Untracked 
| 101|0x00000000a7900000, 0x00000000a7900000, 0x00000000a7a00000|  0%| F|  |TAMS 0x00000000a7900000| PB 0x00000000a7900000| Untracked 
| 102|0x00000000a7a00000, 0x00000000a7a00000, 0x00000000a7b00000|  0%| F|  |TAMS 0x00000000a7a00000| PB 0x00000000a7a00000| Untracked 
| 103|0x00000000a7b00000, 0x00000000a7b00000, 0x00000000a7c00000|  0%| F|  |TAMS 0x00000000a7b00000| PB 0x00000000a7b00000| Untracked 
| 104|0x00000000a7c00000, 0x00000000a7c00000, 0x00000000a7d00000|  0%| F|  |TAMS 0x00000000a7c00000| PB 0x00000000a7c00000| Untracked 
| 105|0x00000000a7d00000, 0x00000000a7d00000, 0x00000000a7e00000|  0%| F|  |TAMS 0x00000000a7d00000| PB 0x00000000a7d00000| Untracked 
| 106|0x00000000a7e00000, 0x00000000a7e00000, 0x00000000a7f00000|  0%| F|  |TAMS 0x00000000a7e00000| PB 0x00000000a7e00000| Untracked 
| 107|0x00000000a7f00000, 0x00000000a7f00000, 0x00000000a8000000|  0%| F|  |TAMS 0x00000000a7f00000| PB 0x00000000a7f00000| Untracked 
| 108|0x00000000a8000000, 0x00000000a8000000, 0x00000000a8100000|  0%| F|  |TAMS 0x00000000a8000000| PB 0x00000000a8000000| Untracked 
| 109|0x00000000a8100000, 0x00000000a8100000, 0x00000000a8200000|  0%| F|  |TAMS 0x00000000a8100000| PB 0x00000000a8100000| Untracked 
| 110|0x00000000a8200000, 0x00000000a8200000, 0x00000000a8300000|  0%| F|  |TAMS 0x00000000a8200000| PB 0x00000000a8200000| Untracked 
| 111|0x00000000a8300000, 0x00000000a8300000, 0x00000000a8400000|  0%| F|  |TAMS 0x00000000a8300000| PB 0x00000000a8300000| Untracked 
| 112|0x00000000a8400000, 0x00000000a8400000, 0x00000000a8500000|  0%| F|  |TAMS 0x00000000a8400000| PB 0x00000000a8400000| Untracked 
| 113|0x00000000a8500000, 0x00000000a8500000, 0x00000000a8600000|  0%| F|  |TAMS 0x00000000a8500000| PB 0x00000000a8500000| Untracked 
| 114|0x00000000a8600000, 0x00000000a8600000, 0x00000000a8700000|  0%| F|  |TAMS 0x00000000a8600000| PB 0x00000000a8600000| Untracked 
| 115|0x00000000a8700000, 0x00000000a8700000, 0x00000000a8800000|  0%| F|  |TAMS 0x00000000a8700000| PB 0x00000000a8700000| Untracked 
| 116|0x00000000a8800000, 0x00000000a8800000, 0x00000000a8900000|  0%| F|  |TAMS 0x00000000a8800000| PB 0x00000000a8800000| Untracked 
| 117|0x00000000a8900000, 0x00000000a8900000, 0x00000000a8a00000|  0%| F|  |TAMS 0x00000000a8900000| PB 0x00000000a8900000| Untracked 
| 118|0x00000000a8a00000, 0x00000000a8a00000, 0x00000000a8b00000|  0%| F|  |TAMS 0x00000000a8a00000| PB 0x00000000a8a00000| Untracked 
| 119|0x00000000a8b00000, 0x00000000a8b00000, 0x00000000a8c00000|  0%| F|  |TAMS 0x00000000a8b00000| PB 0x00000000a8b00000| Untracked 
| 120|0x00000000a8c00000, 0x00000000a8c00000, 0x00000000a8d00000|  0%| F|  |TAMS 0x00000000a8c00000| PB 0x00000000a8c00000| Untracked 
| 121|0x00000000a8d00000, 0x00000000a8d00000, 0x00000000a8e00000|  0%| F|  |TAMS 0x00000000a8d00000| PB 0x00000000a8d00000| Untracked 
| 122|0x00000000a8e00000, 0x00000000a8e00000, 0x00000000a8f00000|  0%| F|  |TAMS 0x00000000a8e00000| PB 0x00000000a8e00000| Untracked 
| 123|0x00000000a8f00000, 0x00000000a8f00000, 0x00000000a9000000|  0%| F|  |TAMS 0x00000000a8f00000| PB 0x00000000a8f00000| Untracked 
| 124|0x00000000a9000000, 0x00000000a9000000, 0x00000000a9100000|  0%| F|  |TAMS 0x00000000a9000000| PB 0x00000000a9000000| Untracked 
| 125|0x00000000a9100000, 0x00000000a9100000, 0x00000000a9200000|  0%| F|  |TAMS 0x00000000a9100000| PB 0x00000000a9100000| Untracked 
| 126|0x00000000a9200000, 0x00000000a9200000, 0x00000000a9300000|  0%| F|  |TAMS 0x00000000a9200000| PB 0x00000000a9200000| Untracked 
| 127|0x00000000a9300000, 0x00000000a9300000, 0x00000000a9400000|  0%| F|  |TAMS 0x00000000a9300000| PB 0x00000000a9300000| Untracked 
| 128|0x00000000a9400000, 0x00000000a9400000, 0x00000000a9500000|  0%| F|  |TAMS 0x00000000a9400000| PB 0x00000000a9400000| Untracked 
| 129|0x00000000a9500000, 0x00000000a9500000, 0x00000000a9600000|  0%| F|  |TAMS 0x00000000a9500000| PB 0x00000000a9500000| Untracked 
| 130|0x00000000a9600000, 0x00000000a9600000, 0x00000000a9700000|  0%| F|  |TAMS 0x00000000a9600000| PB 0x00000000a9600000| Untracked 
| 131|0x00000000a9700000, 0x00000000a9700000, 0x00000000a9800000|  0%| F|  |TAMS 0x00000000a9700000| PB 0x00000000a9700000| Untracked 
| 132|0x00000000a9800000, 0x00000000a9800000, 0x00000000a9900000|  0%| F|  |TAMS 0x00000000a9800000| PB 0x00000000a9800000| Untracked 
| 133|0x00000000a9900000, 0x00000000a9900000, 0x00000000a9a00000|  0%| F|  |TAMS 0x00000000a9900000| PB 0x00000000a9900000| Untracked 
| 134|0x00000000a9a00000, 0x00000000a9a00000, 0x00000000a9b00000|  0%| F|  |TAMS 0x00000000a9a00000| PB 0x00000000a9a00000| Untracked 
| 135|0x00000000a9b00000, 0x00000000a9b00000, 0x00000000a9c00000|  0%| F|  |TAMS 0x00000000a9b00000| PB 0x00000000a9b00000| Untracked 
| 136|0x00000000a9c00000, 0x00000000a9c00000, 0x00000000a9d00000|  0%| F|  |TAMS 0x00000000a9c00000| PB 0x00000000a9c00000| Untracked 
| 137|0x00000000a9d00000, 0x00000000a9d00000, 0x00000000a9e00000|  0%| F|  |TAMS 0x00000000a9d00000| PB 0x00000000a9d00000| Untracked 
| 138|0x00000000a9e00000, 0x00000000a9e00000, 0x00000000a9f00000|  0%| F|  |TAMS 0x00000000a9e00000| PB 0x00000000a9e00000| Untracked 
| 139|0x00000000a9f00000, 0x00000000a9f00000, 0x00000000aa000000|  0%| F|  |TAMS 0x00000000a9f00000| PB 0x00000000a9f00000| Untracked 
| 140|0x00000000aa000000, 0x00000000aa000000, 0x00000000aa100000|  0%| F|  |TAMS 0x00000000aa000000| PB 0x00000000aa000000| Untracked 
| 141|0x00000000aa100000, 0x00000000aa100000, 0x00000000aa200000|  0%| F|  |TAMS 0x00000000aa100000| PB 0x00000000aa100000| Untracked 
| 142|0x00000000aa200000, 0x00000000aa200000, 0x00000000aa300000|  0%| F|  |TAMS 0x00000000aa200000| PB 0x00000000aa200000| Untracked 
| 143|0x00000000aa300000, 0x00000000aa300000, 0x00000000aa400000|  0%| F|  |TAMS 0x00000000aa300000| PB 0x00000000aa300000| Untracked 
| 144|0x00000000aa400000, 0x00000000aa400000, 0x00000000aa500000|  0%| F|  |TAMS 0x00000000aa400000| PB 0x00000000aa400000| Untracked 
| 145|0x00000000aa500000, 0x00000000aa500000, 0x00000000aa600000|  0%| F|  |TAMS 0x00000000aa500000| PB 0x00000000aa500000| Untracked 
| 146|0x00000000aa600000, 0x00000000aa600000, 0x00000000aa700000|  0%| F|  |TAMS 0x00000000aa600000| PB 0x00000000aa600000| Untracked 
| 147|0x00000000aa700000, 0x00000000aa700000, 0x00000000aa800000|  0%| F|  |TAMS 0x00000000aa700000| PB 0x00000000aa700000| Untracked 
| 148|0x00000000aa800000, 0x00000000aa800000, 0x00000000aa900000|  0%| F|  |TAMS 0x00000000aa800000| PB 0x00000000aa800000| Untracked 
| 149|0x00000000aa900000, 0x00000000aa900000, 0x00000000aaa00000|  0%| F|  |TAMS 0x00000000aa900000| PB 0x00000000aa900000| Untracked 
| 150|0x00000000aaa00000, 0x00000000aaa00000, 0x00000000aab00000|  0%| F|  |TAMS 0x00000000aaa00000| PB 0x00000000aaa00000| Untracked 
| 151|0x00000000aab00000, 0x00000000aab00000, 0x00000000aac00000|  0%| F|  |TAMS 0x00000000aab00000| PB 0x00000000aab00000| Untracked 
| 152|0x00000000aac00000, 0x00000000aac00000, 0x00000000aad00000|  0%| F|  |TAMS 0x00000000aac00000| PB 0x00000000aac00000| Untracked 
| 153|0x00000000aad00000, 0x00000000aad00000, 0x00000000aae00000|  0%| F|  |TAMS 0x00000000aad00000| PB 0x00000000aad00000| Untracked 
| 154|0x00000000aae00000, 0x00000000aae00000, 0x00000000aaf00000|  0%| F|  |TAMS 0x00000000aae00000| PB 0x00000000aae00000| Untracked 
| 155|0x00000000aaf00000, 0x00000000aaf00000, 0x00000000ab000000|  0%| F|  |TAMS 0x00000000aaf00000| PB 0x00000000aaf00000| Untracked 
| 156|0x00000000ab000000, 0x00000000ab000000, 0x00000000ab100000|  0%| F|  |TAMS 0x00000000ab000000| PB 0x00000000ab000000| Untracked 
| 157|0x00000000ab100000, 0x00000000ab100000, 0x00000000ab200000|  0%| F|  |TAMS 0x00000000ab100000| PB 0x00000000ab100000| Untracked 
| 158|0x00000000ab200000, 0x00000000ab200000, 0x00000000ab300000|  0%| F|  |TAMS 0x00000000ab200000| PB 0x00000000ab200000| Untracked 
| 159|0x00000000ab300000, 0x00000000ab300000, 0x00000000ab400000|  0%| F|  |TAMS 0x00000000ab300000| PB 0x00000000ab300000| Untracked 
| 160|0x00000000ab400000, 0x00000000ab400000, 0x00000000ab500000|  0%| F|  |TAMS 0x00000000ab400000| PB 0x00000000ab400000| Untracked 
| 161|0x00000000ab500000, 0x00000000ab500000, 0x00000000ab600000|  0%| F|  |TAMS 0x00000000ab500000| PB 0x00000000ab500000| Untracked 
| 162|0x00000000ab600000, 0x00000000ab600000, 0x00000000ab700000|  0%| F|  |TAMS 0x00000000ab600000| PB 0x00000000ab600000| Untracked 
| 163|0x00000000ab700000, 0x00000000ab700000, 0x00000000ab800000|  0%| F|  |TAMS 0x00000000ab700000| PB 0x00000000ab700000| Untracked 
| 164|0x00000000ab800000, 0x00000000ab800000, 0x00000000ab900000|  0%| F|  |TAMS 0x00000000ab800000| PB 0x00000000ab800000| Untracked 
| 165|0x00000000ab900000, 0x00000000ab900000, 0x00000000aba00000|  0%| F|  |TAMS 0x00000000ab900000| PB 0x00000000ab900000| Untracked 
| 166|0x00000000aba00000, 0x00000000aba00000, 0x00000000abb00000|  0%| F|  |TAMS 0x00000000aba00000| PB 0x00000000aba00000| Untracked 
| 167|0x00000000abb00000, 0x00000000abb00000, 0x00000000abc00000|  0%| F|  |TAMS 0x00000000abb00000| PB 0x00000000abb00000| Untracked 
| 168|0x00000000abc00000, 0x00000000abc00000, 0x00000000abd00000|  0%| F|  |TAMS 0x00000000abc00000| PB 0x00000000abc00000| Untracked 
| 169|0x00000000abd00000, 0x00000000abd00000, 0x00000000abe00000|  0%| F|  |TAMS 0x00000000abd00000| PB 0x00000000abd00000| Untracked 
| 170|0x00000000abe00000, 0x00000000abe00000, 0x00000000abf00000|  0%| F|  |TAMS 0x00000000abe00000| PB 0x00000000abe00000| Untracked 
| 171|0x00000000abf00000, 0x00000000abf00000, 0x00000000ac000000|  0%| F|  |TAMS 0x00000000abf00000| PB 0x00000000abf00000| Untracked 
| 172|0x00000000ac000000, 0x00000000ac000000, 0x00000000ac100000|  0%| F|  |TAMS 0x00000000ac000000| PB 0x00000000ac000000| Untracked 
| 173|0x00000000ac100000, 0x00000000ac100000, 0x00000000ac200000|  0%| F|  |TAMS 0x00000000ac100000| PB 0x00000000ac100000| Untracked 
| 174|0x00000000ac200000, 0x00000000ac200000, 0x00000000ac300000|  0%| F|  |TAMS 0x00000000ac200000| PB 0x00000000ac200000| Untracked 
| 175|0x00000000ac300000, 0x00000000ac300000, 0x00000000ac400000|  0%| F|  |TAMS 0x00000000ac300000| PB 0x00000000ac300000| Untracked 
| 176|0x00000000ac400000, 0x00000000ac400000, 0x00000000ac500000|  0%| F|  |TAMS 0x00000000ac400000| PB 0x00000000ac400000| Untracked 
| 177|0x00000000ac500000, 0x00000000ac500000, 0x00000000ac600000|  0%| F|  |TAMS 0x00000000ac500000| PB 0x00000000ac500000| Untracked 
| 178|0x00000000ac600000, 0x00000000ac600000, 0x00000000ac700000|  0%| F|  |TAMS 0x00000000ac600000| PB 0x00000000ac600000| Untracked 
| 179|0x00000000ac700000, 0x00000000ac700000, 0x00000000ac800000|  0%| F|  |TAMS 0x00000000ac700000| PB 0x00000000ac700000| Untracked 
| 180|0x00000000ac800000, 0x00000000ac800000, 0x00000000ac900000|  0%| F|  |TAMS 0x00000000ac800000| PB 0x00000000ac800000| Untracked 
| 181|0x00000000ac900000, 0x00000000ac900000, 0x00000000aca00000|  0%| F|  |TAMS 0x00000000ac900000| PB 0x00000000ac900000| Untracked 
| 182|0x00000000aca00000, 0x00000000aca00000, 0x00000000acb00000|  0%| F|  |TAMS 0x00000000aca00000| PB 0x00000000aca00000| Untracked 
| 183|0x00000000acb00000, 0x00000000acb00000, 0x00000000acc00000|  0%| F|  |TAMS 0x00000000acb00000| PB 0x00000000acb00000| Untracked 
| 184|0x00000000acc00000, 0x00000000acc00000, 0x00000000acd00000|  0%| F|  |TAMS 0x00000000acc00000| PB 0x00000000acc00000| Untracked 
| 185|0x00000000acd00000, 0x00000000acd00000, 0x00000000ace00000|  0%| F|  |TAMS 0x00000000acd00000| PB 0x00000000acd00000| Untracked 
| 186|0x00000000ace00000, 0x00000000ace00000, 0x00000000acf00000|  0%| F|  |TAMS 0x00000000ace00000| PB 0x00000000ace00000| Untracked 
| 187|0x00000000acf00000, 0x00000000acf00000, 0x00000000ad000000|  0%| F|  |TAMS 0x00000000acf00000| PB 0x00000000acf00000| Untracked 
| 188|0x00000000ad000000, 0x00000000ad000000, 0x00000000ad100000|  0%| F|  |TAMS 0x00000000ad000000| PB 0x00000000ad000000| Untracked 
| 189|0x00000000ad100000, 0x00000000ad100000, 0x00000000ad200000|  0%| F|  |TAMS 0x00000000ad100000| PB 0x00000000ad100000| Untracked 
| 190|0x00000000ad200000, 0x00000000ad200000, 0x00000000ad300000|  0%| F|  |TAMS 0x00000000ad200000| PB 0x00000000ad200000| Untracked 
| 191|0x00000000ad300000, 0x00000000ad300000, 0x00000000ad400000|  0%| F|  |TAMS 0x00000000ad300000| PB 0x00000000ad300000| Untracked 
| 192|0x00000000ad400000, 0x00000000ad400000, 0x00000000ad500000|  0%| F|  |TAMS 0x00000000ad400000| PB 0x00000000ad400000| Untracked 
| 193|0x00000000ad500000, 0x00000000ad500000, 0x00000000ad600000|  0%| F|  |TAMS 0x00000000ad500000| PB 0x00000000ad500000| Untracked 
| 194|0x00000000ad600000, 0x00000000ad600000, 0x00000000ad700000|  0%| F|  |TAMS 0x00000000ad600000| PB 0x00000000ad600000| Untracked 
| 195|0x00000000ad700000, 0x00000000ad700000, 0x00000000ad800000|  0%| F|  |TAMS 0x00000000ad700000| PB 0x00000000ad700000| Untracked 
| 196|0x00000000ad800000, 0x00000000ad800000, 0x00000000ad900000|  0%| F|  |TAMS 0x00000000ad800000| PB 0x00000000ad800000| Untracked 
| 197|0x00000000ad900000, 0x00000000ad900000, 0x00000000ada00000|  0%| F|  |TAMS 0x00000000ad900000| PB 0x00000000ad900000| Untracked 
| 198|0x00000000ada00000, 0x00000000ada00000, 0x00000000adb00000|  0%| F|  |TAMS 0x00000000ada00000| PB 0x00000000ada00000| Untracked 
| 199|0x00000000adb00000, 0x00000000adb00000, 0x00000000adc00000|  0%| F|  |TAMS 0x00000000adb00000| PB 0x00000000adb00000| Untracked 
| 200|0x00000000adc00000, 0x00000000adc00000, 0x00000000add00000|  0%| F|  |TAMS 0x00000000adc00000| PB 0x00000000adc00000| Untracked 
| 201|0x00000000add00000, 0x00000000add00000, 0x00000000ade00000|  0%| F|  |TAMS 0x00000000add00000| PB 0x00000000add00000| Untracked 
| 202|0x00000000ade00000, 0x00000000ade00000, 0x00000000adf00000|  0%| F|  |TAMS 0x00000000ade00000| PB 0x00000000ade00000| Untracked 
| 203|0x00000000adf00000, 0x00000000adf00000, 0x00000000ae000000|  0%| F|  |TAMS 0x00000000adf00000| PB 0x00000000adf00000| Untracked 
| 204|0x00000000ae000000, 0x00000000ae000000, 0x00000000ae100000|  0%| F|  |TAMS 0x00000000ae000000| PB 0x00000000ae000000| Untracked 
| 205|0x00000000ae100000, 0x00000000ae100000, 0x00000000ae200000|  0%| F|  |TAMS 0x00000000ae100000| PB 0x00000000ae100000| Untracked 
| 206|0x00000000ae200000, 0x00000000ae2a4658, 0x00000000ae300000| 64%| E|  |TAMS 0x00000000ae200000| PB 0x00000000ae200000| Complete 
| 207|0x00000000ae300000, 0x00000000ae400000, 0x00000000ae400000|100%| E|CS|TAMS 0x00000000ae300000| PB 0x00000000ae300000| Complete 
| 208|0x00000000ae400000, 0x00000000ae500000, 0x00000000ae500000|100%| E|CS|TAMS 0x00000000ae400000| PB 0x00000000ae400000| Complete 
| 209|0x00000000ae500000, 0x00000000ae600000, 0x00000000ae600000|100%| E|CS|TAMS 0x00000000ae500000| PB 0x00000000ae500000| Complete 
| 210|0x00000000ae600000, 0x00000000ae700000, 0x00000000ae700000|100%| E|CS|TAMS 0x00000000ae600000| PB 0x00000000ae600000| Complete 
| 211|0x00000000ae700000, 0x00000000ae800000, 0x00000000ae800000|100%| E|CS|TAMS 0x00000000ae700000| PB 0x00000000ae700000| Complete 
| 212|0x00000000ae800000, 0x00000000ae900000, 0x00000000ae900000|100%| E|CS|TAMS 0x00000000ae800000| PB 0x00000000ae800000| Complete 
| 213|0x00000000ae900000, 0x00000000aea00000, 0x00000000aea00000|100%| E|CS|TAMS 0x00000000ae900000| PB 0x00000000ae900000| Complete 

Card table byte_map: [0x000001b360fc0000,0x000001b3612c0000] _byte_map_base: 0x000001b360ab6000

Marking Bits: (CMBitMap*) 0x000001b34955b4f0
 Bits: [0x000001b3612c0000, 0x000001b362a70000)

Polling page: 0x000001b347510000

Metaspace:

Usage:
  Non-class:     87.19 MB used.
      Class:     13.18 MB used.
       Both:    100.37 MB used.

Virtual space:
  Non-class space:      128.00 MB reserved,      87.75 MB ( 69%) committed,  2 nodes.
      Class space:        1.00 GB reserved,      13.69 MB (  1%) committed,  1 nodes.
             Both:        1.12 GB reserved,     101.44 MB (  9%) committed. 

Chunk freelists:
   Non-Class:  8.08 MB
       Class:  2.25 MB
        Both:  10.33 MB

MaxMetaspaceSize: unlimited
CompressedClassSpaceSize: 1.00 GB
Initial GC threshold: 21.00 MB
Current GC threshold: 168.88 MB
CDS: on
 - commit_granule_bytes: 65536.
 - commit_granule_words: 8192.
 - virtual_space_node_default_size: 8388608.
 - enlarge_chunks_in_place: 1.
 - use_allocation_guard: 0.


Internal statistics:

num_allocs_failed_limit: 8.
num_arena_births: 1660.
num_arena_deaths: 16.
num_vsnodes_births: 3.
num_vsnodes_deaths: 0.
num_space_committed: 1623.
num_space_uncommitted: 0.
num_chunks_returned_to_freelist: 32.
num_chunks_taken_from_freelist: 5694.
num_chunk_merges: 4.
num_chunk_splits: 3946.
num_chunks_enlarged: 2888.
num_inconsistent_stats: 0.

CodeHeap 'non-profiled nmethods': size=120000Kb used=6886Kb max_used=9201Kb free=113113Kb
 bounds [0x000001b359460000, 0x000001b359d60000, 0x000001b360990000]
CodeHeap 'profiled nmethods': size=120000Kb used=18248Kb max_used=27667Kb free=101751Kb
 bounds [0x000001b351990000, 0x000001b3534a0000, 0x000001b358ec0000]
CodeHeap 'non-nmethods': size=5760Kb used=1806Kb max_used=1852Kb free=3953Kb
 bounds [0x000001b358ec0000, 0x000001b359130000, 0x000001b359460000]
 total_blobs=10241 nmethods=9437 adapters=704
 compilation: enabled
              stopped_count=0, restarted_count=0
 full_count=0

Compilation events (20 events):
Event: 497.426 Thread 0x000001b3654a6aa0 nmethod 16522 0x000001b351d62790 code [0x000001b351d629a0, 0x000001b351d63070]
Event: 497.459 Thread 0x000001b3654a3bd0 16523   !   4       java.util.regex.Pattern::closure (276 bytes)
Event: 497.505 Thread 0x000001b3654a6aa0 16524 %     3       org.springframework.util.AntPathMatcher::skipSegment @ 6 (75 bytes)
Event: 497.508 Thread 0x000001b3654a6aa0 nmethod 16524% 0x000001b3519f2090 code [0x000001b3519f2340, 0x000001b3519f32a0]
Event: 497.580 Thread 0x000001b3654a6aa0 16525       3       org.springframework.util.AntPathMatcher::skipSegment (75 bytes)
Event: 497.610 Thread 0x000001b3654a6aa0 nmethod 16525 0x000001b352eb7790 code [0x000001b352eb7a40, 0x000001b352eb8878]
Event: 497.614 Thread 0x000001b3654a3bd0 nmethod 16523 0x000001b3594daa90 code [0x000001b3594dada0, 0x000001b3594dbde0]
Event: 497.618 Thread 0x000001b3654a3bd0 16526       4       org.springframework.util.StringUtils::tokenizeToStringArray (85 bytes)
Event: 497.897 Thread 0x000001b3654a3bd0 nmethod 16526 0x000001b3594d7890 code [0x000001b3594d7b60, 0x000001b3594d8f50]
Event: 498.520 Thread 0x000001b3654a3bd0 16527       4       org.springframework.util.AntPathMatcher::skipSegment (75 bytes)
Event: 498.528 Thread 0x000001b3654a3bd0 nmethod 16527 0x000001b359988b10 code [0x000001b359988ce0, 0x000001b359989110]
Event: 498.572 Thread 0x000001b3654a3bd0 16528       4       java.lang.String::indexOf (18 bytes)
Event: 498.576 Thread 0x000001b3654a3bd0 nmethod 16528 0x000001b3594ab010 code [0x000001b3594ab1c0, 0x000001b3594ab728]
Event: 498.596 Thread 0x000001b3654a3bd0 16529       4       java.lang.String::indexOf (64 bytes)
Event: 498.601 Thread 0x000001b3654a3bd0 nmethod 16529 0x000001b3594ebc10 code [0x000001b3594ebda0, 0x000001b3594ec140]
Event: 498.647 Thread 0x000001b3654a3bd0 16530       4       sun.nio.fs.WindowsFileAttributes::<init> (57 bytes)
Event: 498.649 Thread 0x000001b3654a3bd0 nmethod 16530 0x000001b3594ad690 code [0x000001b3594ad820, 0x000001b3594ad8e0]
Event: 498.842 Thread 0x000001b3654a3bd0 16531       4       org.springframework.util.StringUtils::cleanPath (346 bytes)
Event: 499.375 Thread 0x000001b3654a3bd0 nmethod 16531 0x000001b3596fe110 code [0x000001b3596fe7a0, 0x000001b359703f60]
Event: 499.376 Thread 0x000001b3654a3bd0 16534       4       java.nio.file.FileTreeIterator::fetchNextIfNeeded (65 bytes)

GC Heap History (20 events):
Event: 35.629 GC heap before
{Heap before GC invocations=41 (full 0):
 garbage-first heap   total 132096K, used 114580K [0x00000000a1400000, 0x0000000100000000)
  region size 1024K, 61 young (62464K), 9 survivors (9216K)
 Metaspace       used 80910K, committed 81600K, reserved 1179648K
  class space    used 10762K, committed 11072K, reserved 1048576K
}
Event: 35.636 GC heap after
{Heap after GC invocations=42 (full 0):
 garbage-first heap   total 181248K, used 58530K [0x00000000a1400000, 0x0000000100000000)
  region size 1024K, 5 young (5120K), 5 survivors (5120K)
 Metaspace       used 80910K, committed 81600K, reserved 1179648K
  class space    used 10762K, committed 11072K, reserved 1048576K
}
Event: 37.665 GC heap before
{Heap before GC invocations=42 (full 0):
 garbage-first heap   total 181248K, used 161954K [0x00000000a1400000, 0x0000000100000000)
  region size 1024K, 106 young (108544K), 5 survivors (5120K)
 Metaspace       used 85481K, committed 86144K, reserved 1179648K
  class space    used 11549K, committed 11840K, reserved 1048576K
}
Event: 37.670 GC heap after
{Heap after GC invocations=43 (full 0):
 garbage-first heap   total 181248K, used 57330K [0x00000000a1400000, 0x0000000100000000)
  region size 1024K, 4 young (4096K), 4 survivors (4096K)
 Metaspace       used 85481K, committed 86144K, reserved 1179648K
  class space    used 11549K, committed 11840K, reserved 1048576K
}
Event: 39.702 GC heap before
{Heap before GC invocations=44 (full 0):
 garbage-first heap   total 181248K, used 161778K [0x00000000a1400000, 0x0000000100000000)
  region size 1024K, 106 young (108544K), 4 survivors (4096K)
 Metaspace       used 88399K, committed 89152K, reserved 1179648K
  class space    used 11775K, committed 12096K, reserved 1048576K
}
Event: 39.713 GC heap after
{Heap after GC invocations=45 (full 0):
 garbage-first heap   total 181248K, used 62840K [0x00000000a1400000, 0x0000000100000000)
  region size 1024K, 9 young (9216K), 9 survivors (9216K)
 Metaspace       used 88399K, committed 89152K, reserved 1179648K
  class space    used 11775K, committed 12096K, reserved 1048576K
}
Event: 42.469 GC heap before
{Heap before GC invocations=45 (full 0):
 garbage-first heap   total 181248K, used 161144K [0x00000000a1400000, 0x0000000100000000)
  region size 1024K, 105 young (107520K), 9 survivors (9216K)
 Metaspace       used 94294K, committed 95168K, reserved 1179648K
  class space    used 12540K, committed 12928K, reserved 1048576K
}
Event: 42.539 GC heap after
{Heap after GC invocations=46 (full 0):
 garbage-first heap   total 181248K, used 68739K [0x00000000a1400000, 0x0000000100000000)
  region size 1024K, 13 young (13312K), 13 survivors (13312K)
 Metaspace       used 94294K, committed 95168K, reserved 1179648K
  class space    used 12540K, committed 12928K, reserved 1048576K
}
Event: 136.929 GC heap before
{Heap before GC invocations=46 (full 0):
 garbage-first heap   total 181248K, used 156803K [0x00000000a1400000, 0x0000000100000000)
  region size 1024K, 99 young (101376K), 13 survivors (13312K)
 Metaspace       used 97929K, committed 98880K, reserved 1179648K
  class space    used 13022K, committed 13440K, reserved 1048576K
}
Event: 137.696 GC heap after
{Heap after GC invocations=47 (full 0):
 garbage-first heap   total 181248K, used 70701K [0x00000000a1400000, 0x0000000100000000)
  region size 1024K, 4 young (4096K), 4 survivors (4096K)
 Metaspace       used 97929K, committed 98880K, reserved 1179648K
  class space    used 13022K, committed 13440K, reserved 1048576K
}
Event: 141.743 GC heap before
{Heap before GC invocations=48 (full 0):
 garbage-first heap   total 181248K, used 73773K [0x00000000a1400000, 0x0000000100000000)
  region size 1024K, 8 young (8192K), 4 survivors (4096K)
 Metaspace       used 98102K, committed 99072K, reserved 1179648K
  class space    used 13048K, committed 13504K, reserved 1048576K
}
Event: 141.861 GC heap after
{Heap after GC invocations=49 (full 0):
 garbage-first heap   total 181248K, used 71355K [0x00000000a1400000, 0x0000000100000000)
  region size 1024K, 1 young (1024K), 1 survivors (1024K)
 Metaspace       used 98102K, committed 99072K, reserved 1179648K
  class space    used 13048K, committed 13504K, reserved 1048576K
}
Event: 154.126 GC heap before
{Heap before GC invocations=49 (full 0):
 garbage-first heap   total 181248K, used 167611K [0x00000000a1400000, 0x0000000100000000)
  region size 1024K, 96 young (98304K), 1 survivors (1024K)
 Metaspace       used 101554K, committed 102528K, reserved 1179648K
  class space    used 13409K, committed 13888K, reserved 1048576K
}
Event: 154.149 GC heap after
{Heap after GC invocations=50 (full 0):
 garbage-first heap   total 414720K, used 72235K [0x00000000a1400000, 0x0000000100000000)
  region size 1024K, 3 young (3072K), 3 survivors (3072K)
 Metaspace       used 101554K, committed 102528K, reserved 1179648K
  class space    used 13409K, committed 13888K, reserved 1048576K
}
Event: 157.447 GC heap before
{Heap before GC invocations=50 (full 0):
 garbage-first heap   total 414720K, used 238123K [0x00000000a1400000, 0x0000000100000000)
  region size 1024K, 165 young (168960K), 3 survivors (3072K)
 Metaspace       used 102206K, committed 103232K, reserved 1179648K
  class space    used 13431K, committed 13888K, reserved 1048576K
}
Event: 157.498 GC heap after
{Heap after GC invocations=51 (full 0):
 garbage-first heap   total 414720K, used 73848K [0x00000000a1400000, 0x0000000100000000)
  region size 1024K, 5 young (5120K), 5 survivors (5120K)
 Metaspace       used 102206K, committed 103232K, reserved 1179648K
  class space    used 13431K, committed 13888K, reserved 1048576K
}
Event: 187.269 GC heap before
{Heap before GC invocations=52 (full 0):
 garbage-first heap   total 321536K, used 136312K [0x00000000a1400000, 0x0000000100000000)
  region size 1024K, 61 young (62464K), 5 survivors (5120K)
 Metaspace       used 102454K, committed 103488K, reserved 1179648K
  class space    used 13461K, committed 13952K, reserved 1048576K
}
Event: 187.406 GC heap after
{Heap after GC invocations=53 (full 0):
 garbage-first heap   total 321536K, used 86935K [0x00000000a1400000, 0x0000000100000000)
  region size 1024K, 8 young (8192K), 8 survivors (8192K)
 Metaspace       used 102454K, committed 103488K, reserved 1179648K
  class space    used 13461K, committed 13952K, reserved 1048576K
}
Event: 474.532 GC heap before
{Heap before GC invocations=53 (full 0):
 garbage-first heap   total 321536K, used 224151K [0x00000000a1400000, 0x0000000100000000)
  region size 1024K, 143 young (146432K), 8 survivors (8192K)
 Metaspace       used 102751K, committed 103744K, reserved 1179648K
  class space    used 13496K, committed 13952K, reserved 1048576K
}
Event: 485.650 GC heap after
{Heap after GC invocations=54 (full 1):
 garbage-first heap   total 219136K, used 60170K [0x00000000a1400000, 0x0000000100000000)
  region size 1024K, 0 young (0K), 0 survivors (0K)
 Metaspace       used 102751K, committed 103744K, reserved 1179648K
  class space    used 13496K, committed 13952K, reserved 1048576K
}

Dll operation events (14 events):
Event: 0.038 Loaded shared library C:\Program Files\Java\jdk-21\bin\java.dll
Event: 0.090 Loaded shared library C:\Program Files\Java\jdk-21\bin\jsvml.dll
Event: 0.351 Loaded shared library C:\Program Files\Java\jdk-21\bin\zip.dll
Event: 0.358 Loaded shared library C:\Program Files\Java\jdk-21\bin\instrument.dll
Event: 0.369 Loaded shared library C:\Program Files\Java\jdk-21\bin\net.dll
Event: 0.372 Loaded shared library C:\Program Files\Java\jdk-21\bin\nio.dll
Event: 0.380 Loaded shared library C:\Program Files\Java\jdk-21\bin\zip.dll
Event: 0.771 Loaded shared library C:\Program Files\JetBrains\IntelliJ IDEA Community Edition 2024.3.3\bin\breakgen64.dll
Event: 0.788 Loaded shared library C:\Program Files\Java\jdk-21\bin\extnet.dll
Event: 0.991 Loaded shared library C:\Program Files\Java\jdk-21\bin\jimage.dll
Event: 2.030 Loaded shared library C:\Program Files\Java\jdk-21\bin\management.dll
Event: 2.042 Loaded shared library C:\Program Files\Java\jdk-21\bin\management_ext.dll
Event: 7.254 Loaded shared library C:\Program Files\Java\jdk-21\bin\sunmscapi.dll
Event: 16.352 Loaded shared library C:\Program Files\Java\jdk-21\bin\verify.dll

Deoptimization events (20 events):
Event: 486.884 Thread 0x000001b374118970 DEOPT PACKING pc=0x000001b3594e689c sp=0x000000611effe650
Event: 486.884 Thread 0x000001b374118970 DEOPT UNPACKING pc=0x000001b358f146a2 sp=0x000000611effe598 mode 2
Event: 492.055 Thread 0x000001b374118970 Uncommon trap: trap_request=0xffffffc6 fr.pc=0x000001b3595434a4 relative=0x00000000000002e4
Event: 492.055 Thread 0x000001b374118970 Uncommon trap: reason=bimorphic_or_optimized_type_check action=maybe_recompile pc=0x000001b3595434a4 method=java.util.stream.AbstractPipeline.spliterator()Ljava/util/Spliterator; @ 112 c2
Event: 492.055 Thread 0x000001b374118970 DEOPT PACKING pc=0x000001b3595434a4 sp=0x000000611effe4b0
Event: 492.055 Thread 0x000001b374118970 DEOPT UNPACKING pc=0x000001b358f146a2 sp=0x000000611effe458 mode 2
Event: 492.055 Thread 0x000001b374118970 Uncommon trap: trap_request=0xffffffc6 fr.pc=0x000001b35990a1a0 relative=0x0000000000001180
Event: 492.057 Thread 0x000001b374118970 Uncommon trap: reason=bimorphic_or_optimized_type_check action=maybe_recompile pc=0x000001b35990a1a0 method=java.util.stream.StreamSpliterators$WrappingSpliterator.initPartialTraversalState()V @ 29 c2
Event: 492.057 Thread 0x000001b374118970 DEOPT PACKING pc=0x000001b35990a1a0 sp=0x000000611effe620
Event: 492.066 Thread 0x000001b374118970 DEOPT UNPACKING pc=0x000001b358f146a2 sp=0x000000611effe518 mode 2
Event: 493.263 Thread 0x000001b374118970 DEOPT PACKING pc=0x000001b351ca8f05 sp=0x000000611effddb0
Event: 493.263 Thread 0x000001b374118970 DEOPT UNPACKING pc=0x000001b358f14e42 sp=0x000000611effd250 mode 0
Event: 495.932 Thread 0x000001b374118970 Uncommon trap: trap_request=0xffffff45 fr.pc=0x000001b359736210 relative=0x00000000000013d0
Event: 495.932 Thread 0x000001b374118970 Uncommon trap: reason=unstable_if action=reinterpret pc=0x000001b359736210 method=org.springframework.core.annotation.TypeMappedAnnotation.adaptForAttribute(Ljava/lang/reflect/Method;Ljava/lang/Object;)Ljava/lang/Object; @ 98 c2
Event: 495.932 Thread 0x000001b374118970 DEOPT PACKING pc=0x000001b359736210 sp=0x000000611effeb30
Event: 495.932 Thread 0x000001b374118970 DEOPT UNPACKING pc=0x000001b358f146a2 sp=0x000000611effea50 mode 2
Event: 496.509 Thread 0x000001b374118970 Uncommon trap: trap_request=0xffffff45 fr.pc=0x000001b3599c3054 relative=0x00000000000014b4
Event: 496.527 Thread 0x000001b374118970 Uncommon trap: reason=unstable_if action=reinterpret pc=0x000001b3599c3054 method=org.springframework.beans.factory.support.AbstractAutowireCapableBeanFactory.getTypeForFactoryBean(Ljava/lang/String;Lorg/springframework/beans/factory/support/RootBeanDefin
Event: 496.640 Thread 0x000001b374118970 DEOPT PACKING pc=0x000001b3599c3054 sp=0x000000611effec80
Event: 496.647 Thread 0x000001b374118970 DEOPT UNPACKING pc=0x000001b358f146a2 sp=0x000000611effec38 mode 2

Classes loaded (20 events):
Event: 196.427 Loading class java/util/stream/ReduceOps$7
Event: 196.429 Loading class java/util/stream/ReduceOps$7 done
Event: 196.429 Loading class java/util/stream/ReduceOps$6ReducingSink
Event: 196.431 Loading class java/util/stream/ReduceOps$6ReducingSink done
Event: 196.431 Loading class java/util/stream/ReferencePipeline$4$1
Event: 196.432 Loading class java/util/stream/ReferencePipeline$4$1 done
Event: 454.062 Loading class java/util/concurrent/locks/AbstractQueuedSynchronizer$SharedNode
Event: 454.212 Loading class java/util/concurrent/locks/AbstractQueuedSynchronizer$SharedNode done
Event: 463.292 Loading class sun/security/ssl/Alert
Event: 466.899 Loading class sun/security/ssl/Alert done
Event: 467.775 Loading class sun/security/ssl/Alert$AlertConsumer
Event: 468.698 Loading class sun/security/ssl/Alert$AlertConsumer done
Event: 468.723 Loading class sun/security/ssl/Alert$Level
Event: 468.864 Loading class sun/security/ssl/Alert$Level done
Event: 469.876 Loading class sun/net/ConnectionResetException
Event: 470.062 Loading class sun/net/ConnectionResetException done
Event: 485.713 Loading class java/lang/ref/Finalizer$2
Event: 486.245 Loading class java/lang/ref/Finalizer$2 done
Event: 486.245 Loading class java/lang/ref/Finalizer$1
Event: 486.742 Loading class java/lang/ref/Finalizer$1 done

Classes unloaded (8 events):
Event: 158.284 Thread 0x000001b365450690 Unloading class 0x000001b301c09000 'jdk/internal/reflect/GeneratedSerializationConstructorAccessor16'
Event: 158.285 Thread 0x000001b365450690 Unloading class 0x000001b301c08c00 'jdk/internal/reflect/GeneratedSerializationConstructorAccessor15'
Event: 158.285 Thread 0x000001b365450690 Unloading class 0x000001b301c05800 'jdk/internal/reflect/GeneratedSerializationConstructorAccessor14'
Event: 158.292 Thread 0x000001b365450690 Unloading class 0x000001b301c05000 'jdk/internal/reflect/GeneratedSerializationConstructorAccessor13'
Event: 158.293 Thread 0x000001b365450690 Unloading class 0x000001b301bf5000 'jdk/internal/reflect/GeneratedSerializationConstructorAccessor12'
Event: 158.293 Thread 0x000001b365450690 Unloading class 0x000001b301be3000 'jdk/internal/reflect/GeneratedSerializationConstructorAccessor11'
Event: 158.293 Thread 0x000001b365450690 Unloading class 0x000001b301bd9000 'jdk/internal/reflect/GeneratedSerializationConstructorAccessor10'
Event: 158.293 Thread 0x000001b365450690 Unloading class 0x000001b301bcc800 'jdk/internal/reflect/GeneratedSerializationConstructorAccessor9'

Classes redefined (0 events):
No events

Internal exceptions (20 events):
Event: 131.458 Thread 0x000001b36daab420 Exception <a 'java/lang/NoSuchMethodError'{0x00000000a79bcd68}: 'java.lang.Object java.lang.invoke.DirectMethodHandle$Holder.invokeSpecial(java.lang.Object, java.lang.Object, java.lang.Object, java.lang.Object, java.lang.Object, long)'> (0x00000000a79bcd68) 
thrown [s\open\src\hotspot\share\interpreter\linkResolver.cpp, line 773]
Event: 131.459 Thread 0x000001b36daab420 Exception <a 'java/lang/NoSuchMethodError'{0x00000000a79c04f0}: 'java.lang.Object java.lang.invoke.Invokers$Holder.linkToTargetMethod(java.lang.Object, java.lang.Object, java.lang.Object, long, java.lang.Object)'> (0x00000000a79c04f0) 
thrown [s\open\src\hotspot\share\interpreter\linkResolver.cpp, line 773]
Event: 131.974 Thread 0x000001b36daab420 Exception <a 'java/lang/NoSuchMethodError'{0x00000000a766c9d8}: 'java.lang.Object java.lang.invoke.DirectMethodHandle$Holder.invokeStatic(java.lang.Object, int, int)'> (0x00000000a766c9d8) 
thrown [s\open\src\hotspot\share\interpreter\linkResolver.cpp, line 773]
Event: 132.678 Thread 0x000001b36daa99e0 Implicit null exception at 0x000001b359a2df02 to 0x000001b359a2e420
Event: 132.705 Thread 0x000001b36daa99e0 Implicit null exception at 0x000001b359767c2d to 0x000001b3597680c0
Event: 141.620 Thread 0x000001b36dab1000 Implicit null exception at 0x000001b3599d3e08 to 0x000001b3599d42d8
Event: 148.074 Thread 0x000001b36daace60 Implicit null exception at 0x000001b3598b3728 to 0x000001b3598b3d04
Event: 150.724 Thread 0x000001b36daace60 Implicit null exception at 0x000001b3596e92fc to 0x000001b3596e93b4
Event: 150.726 Thread 0x000001b36daace60 Implicit null exception at 0x000001b359a8e1b5 to 0x000001b359a8e650
Event: 152.112 Thread 0x000001b36daace60 Implicit null exception at 0x000001b3597acb5a to 0x000001b3597ad65c
Event: 152.112 Thread 0x000001b36daace60 Implicit null exception at 0x000001b3597aa44e to 0x000001b3597aa8cc
Event: 152.115 Thread 0x000001b36daace60 Implicit null exception at 0x000001b3597ae995 to 0x000001b3597af308
Event: 152.115 Thread 0x000001b36daace60 Implicit null exception at 0x000001b359c2fa51 to 0x000001b359c3057c
Event: 152.115 Thread 0x000001b36daace60 Implicit null exception at 0x000001b359492d05 to 0x000001b359493510
Event: 152.748 Thread 0x000001b36daace60 Implicit null exception at 0x000001b359c82ff3 to 0x000001b359c84b18
Event: 160.429 Thread 0x000001b36daace60 Implicit null exception at 0x000001b3596c4c7d to 0x000001b3596c4e08
Event: 469.026 Thread 0x000001b374116210 Exception <a 'java/io/IOException'{0x00000000ac0bbcf8}> (0x00000000ac0bbcf8) 
thrown [s\open\src\hotspot\share\prims\jni.cpp, line 520]
Event: 469.857 Thread 0x000001b374116210 Exception <a 'java/io/IOException'{0x00000000ac0bd148}> (0x00000000ac0bd148) 
thrown [s\open\src\hotspot\share\prims\jni.cpp, line 520]
Event: 474.455 Thread 0x000001b36f34fd80 Exception <a 'java/lang/InterruptedException'{0x00000000abf00040}: sleep interrupted> (0x00000000abf00040) 
thrown [s\open\src\hotspot\share\prims\jvm.cpp, line 3074]
Event: 490.746 Thread 0x000001b374118970 Exception <a 'sun/nio/fs/WindowsException'{0x00000000ae991c58}> (0x00000000ae991c58) 
thrown [s\open\src\hotspot\share\prims\jni.cpp, line 520]

ZGC Phase Switch (0 events):
No events

VM Operations (20 events):
Event: 485.668 Executing VM operation: HandshakeAllThreads (HandshakeForDeflation)
Event: 486.575 Executing VM operation: HandshakeAllThreads (HandshakeForDeflation) done
Event: 486.581 Executing VM operation: RendezvousGCThreads
Event: 486.581 Executing VM operation: RendezvousGCThreads done
Event: 487.585 Executing VM operation: Cleanup
Event: 488.627 Executing VM operation: Cleanup done
Event: 489.628 Executing VM operation: Cleanup
Event: 490.176 Executing VM operation: Cleanup done
Event: 491.184 Executing VM operation: Cleanup
Event: 491.419 Executing VM operation: Cleanup done
Event: 492.423 Executing VM operation: Cleanup
Event: 492.832 Executing VM operation: Cleanup done
Event: 493.845 Executing VM operation: Cleanup
Event: 493.991 Executing VM operation: Cleanup done
Event: 495.000 Executing VM operation: Cleanup
Event: 495.265 Executing VM operation: Cleanup done
Event: 496.280 Executing VM operation: Cleanup
Event: 496.641 Executing VM operation: Cleanup done
Event: 497.645 Executing VM operation: Cleanup
Event: 497.831 Executing VM operation: Cleanup done

Events (20 events):
Event: 484.303 Thread 0x000001b365450690 flushing nmethod 0x000001b35306f510
Event: 484.303 Thread 0x000001b365450690 flushing nmethod 0x000001b353071d90
Event: 484.303 Thread 0x000001b365450690 flushing nmethod 0x000001b3530e0990
Event: 484.303 Thread 0x000001b365450690 flushing nmethod 0x000001b3530e2790
Event: 484.312 Thread 0x000001b365450690 flushing nmethod 0x000001b353381410
Event: 484.312 Thread 0x000001b365450690 flushing nmethod 0x000001b353381990
Event: 484.312 Thread 0x000001b365450690 flushing nmethod 0x000001b353381f10
Event: 484.312 Thread 0x000001b365450690 flushing nmethod 0x000001b353382490
Event: 484.312 Thread 0x000001b365450690 flushing nmethod 0x000001b353382a10
Event: 484.312 Thread 0x000001b365450690 flushing nmethod 0x000001b353382f90
Event: 484.312 Thread 0x000001b365450690 flushing nmethod 0x000001b353383510
Event: 484.312 Thread 0x000001b365450690 flushing nmethod 0x000001b353383a90
Event: 484.312 Thread 0x000001b365450690 flushing nmethod 0x000001b353384010
Event: 484.312 Thread 0x000001b365450690 flushing nmethod 0x000001b353384590
Event: 484.312 Thread 0x000001b365450690 flushing nmethod 0x000001b353384b10
Event: 484.312 Thread 0x000001b365450690 flushing nmethod 0x000001b353385090
Event: 484.312 Thread 0x000001b365450690 flushing nmethod 0x000001b353385610
Event: 486.758 Thread 0x000001b3741175c0 Thread added: 0x000001b3741175c0
Event: 486.789 Thread 0x000001b3741175c0 Thread exited: 0x000001b3741175c0
Event: 486.822 Thread 0x000001b374118970 Thread added: 0x000001b374118970


Dynamic libraries:
0x00007ff71c2d0000 - 0x00007ff71c2e0000 	C:\Program Files\Java\jdk-21\bin\java.exe
0x00007ffa92dd0000 - 0x00007ffa92fc8000 	C:\Windows\SYSTEM32\ntdll.dll
0x00007ffa91620000 - 0x00007ffa916e2000 	C:\Windows\System32\KERNEL32.DLL
0x00007ffa90740000 - 0x00007ffa90a36000 	C:\Windows\System32\KERNELBASE.dll
0x00007ffa90460000 - 0x00007ffa90560000 	C:\Windows\System32\ucrtbase.dll
0x00007ffa8ba50000 - 0x00007ffa8ba69000 	C:\Program Files\Java\jdk-21\bin\jli.dll
0x00007ffa8ba30000 - 0x00007ffa8ba4b000 	C:\Program Files\Java\jdk-21\bin\VCRUNTIME140.dll
0x00007ffa92cd0000 - 0x00007ffa92d81000 	C:\Windows\System32\ADVAPI32.dll
0x00007ffa916f0000 - 0x00007ffa9178e000 	C:\Windows\System32\msvcrt.dll
0x00007ffa91a00000 - 0x00007ffa91a9f000 	C:\Windows\System32\sechost.dll
0x00007ffa92810000 - 0x00007ffa92933000 	C:\Windows\System32\RPCRT4.dll
0x00007ffa90b80000 - 0x00007ffa90ba7000 	C:\Windows\System32\bcrypt.dll
0x00007ffa92540000 - 0x00007ffa926dd000 	C:\Windows\System32\USER32.dll
0x00007ffa7cbd0000 - 0x00007ffa7ce6a000 	C:\Windows\WinSxS\amd64_microsoft.windows.common-controls_6595b64144ccf1df_6.0.19041.5915_none_60b4b9d171f9c7c7\COMCTL32.dll
0x00007ffa905b0000 - 0x00007ffa905d2000 	C:\Windows\System32\win32u.dll
0x00007ffa92950000 - 0x00007ffa9297b000 	C:\Windows\System32\GDI32.dll
0x00007ffa90cd0000 - 0x00007ffa90de9000 	C:\Windows\System32\gdi32full.dll
0x00007ffa90bb0000 - 0x00007ffa90c4d000 	C:\Windows\System32\msvcp_win.dll
0x00007ffa88640000 - 0x00007ffa8864a000 	C:\Windows\SYSTEM32\VERSION.dll
0x00007ffa915f0000 - 0x00007ffa9161f000 	C:\Windows\System32\IMM32.DLL
0x00007ffa8ba20000 - 0x00007ffa8ba2c000 	C:\Program Files\Java\jdk-21\bin\vcruntime140_1.dll
0x00007ffa66260000 - 0x00007ffa662ee000 	C:\Program Files\Java\jdk-21\bin\msvcp140.dll
0x00007ffa45520000 - 0x00007ffa4623a000 	C:\Program Files\Java\jdk-21\bin\server\jvm.dll
0x00007ffa927a0000 - 0x00007ffa9280b000 	C:\Windows\System32\WS2_32.dll
0x00007ffa902c0000 - 0x00007ffa9030b000 	C:\Windows\SYSTEM32\POWRPROF.dll
0x00007ffa84df0000 - 0x00007ffa84e17000 	C:\Windows\SYSTEM32\WINMM.dll
0x00007ffa902a0000 - 0x00007ffa902b2000 	C:\Windows\SYSTEM32\UMPDC.dll
0x00007ffa8e2a0000 - 0x00007ffa8e2b2000 	C:\Windows\SYSTEM32\kernel.appcore.dll
0x00007ffa8ba10000 - 0x00007ffa8ba1a000 	C:\Program Files\Java\jdk-21\bin\jimage.dll
0x00007ffa7e6e0000 - 0x00007ffa7e8e1000 	C:\Windows\SYSTEM32\DBGHELP.DLL
0x00007ffa7de20000 - 0x00007ffa7de54000 	C:\Windows\SYSTEM32\dbgcore.DLL
0x00007ffa90af0000 - 0x00007ffa90b72000 	C:\Windows\System32\bcryptPrimitives.dll
0x00007ffa74470000 - 0x00007ffa7447f000 	C:\Program Files\Java\jdk-21\bin\instrument.dll
0x00007ffa6f9f0000 - 0x00007ffa6fa0f000 	C:\Program Files\Java\jdk-21\bin\java.dll
0x00007ffa90df0000 - 0x00007ffa9155e000 	C:\Windows\System32\SHELL32.dll
0x00007ffa8e4a0000 - 0x00007ffa8ec44000 	C:\Windows\SYSTEM32\windows.storage.dll
0x00007ffa91bb0000 - 0x00007ffa91f03000 	C:\Windows\System32\combase.dll
0x00007ffa8fce0000 - 0x00007ffa8fd0b000 	C:\Windows\SYSTEM32\Wldp.dll
0x00007ffa91790000 - 0x00007ffa9185d000 	C:\Windows\System32\OLEAUT32.dll
0x00007ffa91b00000 - 0x00007ffa91bad000 	C:\Windows\System32\SHCORE.dll
0x00007ffa91aa0000 - 0x00007ffa91afb000 	C:\Windows\System32\shlwapi.dll
0x00007ffa90390000 - 0x00007ffa903b4000 	C:\Windows\SYSTEM32\profapi.dll
0x00007ffa66070000 - 0x00007ffa66147000 	C:\Program Files\Java\jdk-21\bin\jsvml.dll
0x00007ffa6d560000 - 0x00007ffa6d578000 	C:\Program Files\Java\jdk-21\bin\zip.dll
0x00007ffa8ba00000 - 0x00007ffa8ba10000 	C:\Program Files\Java\jdk-21\bin\net.dll
0x00007ffa88530000 - 0x00007ffa8863a000 	C:\Windows\SYSTEM32\WINHTTP.dll
0x00007ffa8fac0000 - 0x00007ffa8fb2a000 	C:\Windows\system32\mswsock.dll
0x00007ffa6e400000 - 0x00007ffa6e416000 	C:\Program Files\Java\jdk-21\bin\nio.dll
0x00007ffa6b9c0000 - 0x00007ffa6b9da000 	C:\Program Files\JetBrains\IntelliJ IDEA Community Edition 2024.3.3\bin\breakgen64.dll
0x00007ffa6f450000 - 0x00007ffa6f459000 	C:\Program Files\Java\jdk-21\bin\extnet.dll
0x00007ffa6f160000 - 0x00007ffa6f16a000 	C:\Program Files\Java\jdk-21\bin\management.dll
0x00007ffa6d8c0000 - 0x00007ffa6d8cb000 	C:\Program Files\Java\jdk-21\bin\management_ext.dll
0x00007ffa92940000 - 0x00007ffa92948000 	C:\Windows\System32\PSAPI.DLL
0x00007ffa6f570000 - 0x00007ffa6f57e000 	C:\Program Files\Java\jdk-21\bin\sunmscapi.dll
0x00007ffa905e0000 - 0x00007ffa9073d000 	C:\Windows\System32\CRYPT32.dll
0x00007ffa8fe30000 - 0x00007ffa8fe57000 	C:\Windows\SYSTEM32\ncrypt.dll
0x00007ffa8fdf0000 - 0x00007ffa8fe2b000 	C:\Windows\SYSTEM32\NTASN1.dll
0x00007ffa68350000 - 0x00007ffa68360000 	C:\Program Files\Java\jdk-21\bin\verify.dll
0x00007ffa8fd20000 - 0x00007ffa8fd38000 	C:\Windows\SYSTEM32\CRYPTSP.dll
0x00007ffa8f400000 - 0x00007ffa8f438000 	C:\Windows\system32\rsaenh.dll
0x00007ffa90350000 - 0x00007ffa9037e000 	C:\Windows\SYSTEM32\USERENV.dll
0x00007ffa8fc50000 - 0x00007ffa8fc5c000 	C:\Windows\SYSTEM32\CRYPTBASE.dll
0x00007ffa8f7c0000 - 0x00007ffa8f7fb000 	C:\Windows\SYSTEM32\IPHLPAPI.DLL
0x00007ffa92b10000 - 0x00007ffa92b18000 	C:\Windows\System32\NSI.dll
0x00007ffa8f800000 - 0x00007ffa8f8ca000 	C:\Windows\SYSTEM32\DNSAPI.dll
0x00007ffa87a50000 - 0x00007ffa87a5a000 	C:\Windows\System32\rasadhlp.dll
0x00007ffa84950000 - 0x00007ffa849d0000 	C:\Windows\System32\fwpuclnt.dll
0x00007ffa76a80000 - 0x00007ffa76a87000 	C:\Windows\system32\wshunix.dll

dbghelp: loaded successfully - version: 4.0.5 - missing functions: none
symbol engine: initialized successfully - sym options: 0x614 - pdb path: .;C:\Program Files\Java\jdk-21\bin;C:\Windows\SYSTEM32;C:\Windows\WinSxS\amd64_microsoft.windows.common-controls_6595b64144ccf1df_6.0.19041.5915_none_60b4b9d171f9c7c7;C:\Program Files\Java\jdk-21\bin\server;C:\Program Files\JetBrains\IntelliJ IDEA Community Edition 2024.3.3\bin

VM Arguments:
jvm_args: -javaagent:C:\Program Files\JetBrains\IntelliJ IDEA Community Edition 2024.3.3\lib\idea_rt.jar=63580:C:\Program Files\JetBrains\IntelliJ IDEA Community Edition 2024.3.3\bin -Dfile.encoding=UTF-8 -Dsun.stdout.encoding=UTF-8 -Dsun.stderr.encoding=UTF-8 
java_command: com.aristiec.schoolmanagementsystem.SchoolmanagementsystemApplication
java_class_path (initial): C:\Users\HP\Desktop\github projects\SMS-02\schoolmanagementsystem\target\classes;C:\Users\HP\.m2\repository\com\fasterxml\jackson\core\jackson-databind\2.18.3\jackson-databind-2.18.3.jar;C:\Users\HP\.m2\repository\com\fasterxml\jackson\core\jackson-annotations\2.18.3\jackson-annotations-2.18.3.jar;C:\Users\HP\.m2\repository\com\fasterxml\jackson\core\jackson-core\2.18.3\jackson-core-2.18.3.jar;C:\Users\HP\.m2\repository\org\modelmapper\modelmapper\3.1.1\modelmapper-3.1.1.jar;C:\Users\HP\.m2\repository\com\google\cloud\sql\mysql-socket-factory\1.6.1\mysql-socket-factory-1.6.1.jar;C:\Users\HP\.m2\repository\com\google\cloud\sql\jdbc-socket-factory-core\1.6.1\jdbc-socket-factory-core-1.6.1.jar;C:\Users\HP\.m2\repository\com\github\jnr\jnr-unixsocket\0.38.17\jnr-unixsocket-0.38.17.jar;C:\Users\HP\.m2\repository\com\github\jnr\jnr-ffi\2.2.11\jnr-ffi-2.2.11.jar;C:\Users\HP\.m2\repository\com\github\jnr\jffi\1.3.9\jffi-1.3.9.jar;C:\Users\HP\.m2\repository\com\github\jnr\jffi\1.3.9\jffi-1.3.9-native.jar;C:\Users\HP\.m2\repository\org\ow2\asm\asm-commons\9.2\asm-commons-9.2.jar;C:\Users\HP\.m2\repository\com\github\jnr\jnr-a64asm\1.0.0\jnr-a64asm-1.0.0.jar;C:\Users\HP\.m2\repository\com\github\jnr\jnr-x86asm\1.0.2\jnr-x86asm-1.0.2.jar;C:\Users\HP\.m2\repository\com\github\jnr\jnr-constants\0.10.3\jnr-constants-0.10.3.jar;C:\Users\HP\.m2\repository\com\github\jnr\jnr-enxio\0.32.13\jnr-enxio-0.32.13.jar;C:\Users\HP\.m2\repository\com\github\jnr\jnr-posix\3.1.15\jnr-posix-3.1.15.jar;C:\Users\HP\.m2\repository\org\ow2\asm\asm-util\9.3\asm-util-9.3.jar;C:\Users\HP\.m2\repository\org\ow2\asm\asm\9.3\asm-9.3.jar;C:\Users\HP\.m2\repository\org\ow2\asm\asm-tree\9.3\asm-tree-9.3.jar;C:\Users\HP\.m2\repository\org\ow2\asm\asm-analysis\9.3\asm-analysis-9.3.jar;C:\Users\HP\.m2\repository\com\google\http-client\google-http-client\1.41.8\google-http-client-1.41.8.jar;C:\Users\HP\.m2\repository\org\apache\httpcomponents\httpclient\4.5.13\httpclient-4.5.13.jar;C:\Users\HP\.m2\repository\org\apache\httpcomponents\httpcore\4.4.16\httpcore-4.4.16.jar;C:\Users\HP\.m2\repository\com\google\code\findbugs\jsr305\3.0.2\jsr305-3.0.2.jar;C:\Users\HP\.m2\repository\com\google\j2objc\j2objc-annotations\1.3\j2objc-annotations-1.3.jar;C:\Users\HP\.m2\repository\io\opencensus\opencensus-api\0.31.0\opencensus-api-0.31.0.jar;C:\Users\HP\.m2\repository\io\grpc\grpc-context\1.27.2\grpc-context-1.27.2.jar;C:\Users\HP\.m2\repository\io\opencensus\opencensus-contrib-http-util\0.31.0\opencensus-contrib-http-util-0.31.0.jar;C:\Users\HP\.m2\repository\com\google\guava\guava\31.1-android\guava-31.1-android.jar;C:\Users\HP\.m2\repository\com\google\guava\failureaccess\1.0.1\failureaccess-1.0.1.jar;C:\Users\HP\.m2\repository\com\google\guava\listenablefuture\9999.0-empty-to-avoid-conflict-with-guava\listenablefuture-9999.0-empty-to-avoid-conflict-with-guava.jar;C:\Users\HP\.m2\repository\org\checkerframework\checker-qual\3.12.0\checker-qual-3.12.0.jar;C:\Users\HP\.m2\repository\com\google\errorprone\error_prone_annotations\2.14.0\error_prone_annotations-2.14.0.jar;C:\Users\HP\.m2\repository\com\google\http-client\google-http-client-gson\1.41.8\google-http-client-gson-1.41.8.jar;C:\Users\HP\.m2\repository\com\google\api-client\google-api-client\1.35.0\google-api-client-1.35.0.jar;C:\Users\HP\.m2\repository\com\google\oauth-client\google-oauth-client\1.34.0\google-oauth-client-1.34.0.jar;C:\Users\HP\.m2\repository\com\google\http-client\google-http-client-apache-v2\1.41.8\google-http-client-apache-v2-1.41.8.jar;C:\Users\HP\.m2\repository\org\checkerframework\checker-compat-qual\2.5.5\checker-compat-qual-2.5.5.jar;C:\Users\HP\.m2\repository\com\google\apis\google-api-services-sqladmin\v1beta4-rev20220513-1.32.1\google-api-services-sqladmin-v1beta4-rev20220513-1.32.1.jar;C:\Users\HP\.m2\repository\com\google\auth\google-auth-library-oauth2-http\1.7.0\google-auth-library-oauth2-http-1.7.0.jar;C:\Users\HP\.m2\repository\com\google\auto\value\auto-value-annotations\1.9\auto-value-annotations-1.9.jar;C:\Users\HP\.m2\repository\com\google\auth\google-auth-library-credentials\1.7.0\google-auth-library-credentials-1.7.0.jar;C:\Users\HP\.m2\repository\com\google\api\gax\2.18.1\gax-2.18.1.jar;C:\Users\HP\.m2\repository\io\jsonwebtoken\jjwt-api\0.11.2\jjwt-api-0.11.2.jar;C:\Users\HP\.m2\repository\io\jsonwebtoken\jjwt-jackson\0.11.2\jjwt-jackson-0.11.2.jar;C:\Users\HP\.m2\repository\io\jsonwebtoken\jjwt-impl\0.11.2\jjwt-impl-0.11.2.jar;C:\Users\HP\.m2\repository\org\springframework\boot\spring-boot-starter-security\3.4.5\spring-boot-starter-security-3.4.5.jar;C:\Users\HP\.m2\repository\org\springframework\boot\spring-boot-starter\3.4.5\spring-boot-starter-3.4.5.jar;C:\Users\HP\.m2\repository\org\springframework\boot\spring-boot-starter-logging\3.4.5\spring-boot-starter-logging-3.4.5.jar;C:\Users\HP\.m2\repository\ch\qos\logback\logback-classic\1.5.18\logback-classic-1.5.18.jar;C:\Users\HP\.m2\repository\ch\qos\logback\logback-core\1.5.18\logback-core-1.5.18.jar;C:\Users\HP\.m2\repository\org\apache\logging\log4j\log4j-to-slf4j\2.24.3\log4j-to-slf4j-2.24.3.jar;C:\Users\HP\.m2\repository\org\apache\logging\log4j\log4j-api\2.24.3\log4j-api-2.24.3.jar;C:\Users\HP\.m2\repository\org\slf4j\jul-to-slf4j\2.0.17\jul-to-slf4j-2.0.17.jar;C:\Users\HP\.m2\repository\jakarta\annotation\jakarta.annotation-api\2.1.1\jakarta.annotation-api-2.1.1.jar;C:\Users\HP\.m2\repository\org\yaml\snakeyaml\2.3\snakeyaml-2.3.jar;C:\Users\HP\.m2\repository\org\springframework\spring-aop\6.2.6\spring-aop-6.2.6.jar;C:\Users\HP\.m2\repository\org\springframework\spring-beans\6.2.6\spring-beans-6.2.6.jar;C:\Users\HP\.m2\repository\org\springframework\security\spring-security-config\6.4.5\spring-security-config-6.4.5.jar;C:\Users\HP\.m2\repository\org\springframework\security\spring-security-core\6.4.5\spring-security-core-6.4.5.jar;C:\Users\HP\.m2\repository\org\springframework\security\spring-security-crypto\6.4.5\spring-security-crypto-6.4.5.jar;C:\Users\HP\.m2\repository\org\springframework\spring-context\6.2.6\spring-context-6.2.6.jar;C:\Users\HP\.m2\repository\org\springframework\security\spring-security-web\6.4.5\spring-security-web-6.4.5.jar;C:\Users\HP\.m2\repository\org\springframework\spring-expression\6.2.6\spring-expression-6.2.6.jar;C:\Users\HP\.m2\repository\org\springframework\boot\spring-boot-starter-validation\3.4.5\spring-boot-starter-validation-3.4.5.jar;C:\Users\HP\.m2\repository\org\apache\tomcat\embed\tomcat-embed-el\10.1.40\tomcat-embed-el-10.1.40.jar;C:\Users\HP\.m2\repository\org\hibernate\validator\hibernate-validator\8.0.2.Final\hibernate-validator-8.0.2.Final.jar;C:\Users\HP\.m2\repository\jakarta\validation\jakarta.validation-api\3.0.2\jakarta.validation-api-3.0.2.jar;C:\Users\HP\.m2\repository\org\jboss\logging\jboss-logging\3.6.1.Final\jboss-logging-3.6.1.Final.jar;C:\Users\HP\.m2\repository\com\fasterxml\classmate\1.7.0\classmate-1.7.0.jar;C:\Users\HP\.m2\repository\org\springframework\boot\spring-boot-starter-web\3.4.5\spring-boot-starter-web-3.4.5.jar;C:\Users\HP\.m2\repository\org\springframework\boot\spring-boot-starter-json\3.4.5\spring-boot-starter-json-3.4.5.jar;C:\Users\HP\.m2\repository\com\fasterxml\jackson\datatype\jackson-datatype-jdk8\2.18.3\jackson-datatype-jdk8-2.18.3.jar;C:\Users\HP\.m2\repository\com\fasterxml\jackson\datatype\jackson-datatype-jsr310\2.18.3\jackson-datatype-jsr310-2.18.3.jar;C:\Users\HP\.m2\repository\com\fasterxml\jackson\module\jackson-module-parameter-names\2.18.3\jackson-module-parameter-names-2.18.3.jar;C:\Users\HP\.m2\repository\org\springframework\boot\spring-boot-starter-tomcat\3.4.5\spring-boot-starter-tomcat-3.4.5.jar;C:\Users\HP\.m2\repository\org\apache\tomcat\embed\tomcat-embed-core\10.1.40\tomcat-embed-core-10.1.40.jar;C:\Users\HP\.m2\repository\org\apache\tomcat\embed\tomcat-embed-websocket\10.1.40\tomcat-embed-websocket-10.1.40.jar;C:\Users\HP\.m2\repository\org\springframework\spring-web\6.2.6\spring-web-6.2.6.jar;C:\Users\HP\.m2\repository\io\micrometer\micrometer-observation\1.14.6\micrometer-observation-1.14.6.jar;C:\Users\HP\.m2\repository\io\micrometer\micrometer-commons\1.14.6\micrometer-commons-1.14.6.jar;C:\Users\HP\.m2\repository\org\springframework\spring-webmvc\6.2.6\spring-webmvc-6.2.6.jar;C:\Users\HP\.m2\repository\org\springframework\boot\spring-boot-starter-data-jpa\3.4.5\spring-boot-starter-data-jpa-3.4.5.jar;C:\Users\HP\.m2\repository\org\springframework\boot\spring-boot-starter-jdbc\3.4.5\spring-boot-starter-jdbc-3.4.5.jar;C:\Users\HP\.m2\repository\com\zaxxer\HikariCP\5.1.0\HikariCP-5.1.0.jar;C:\Users\HP\.m2\repository\org\springframework\spring-jdbc\6.2.6\spring-jdbc-6.2.6.jar;C:\Users\HP\.m2\repository\org\hibernate\orm\hibernate-core\6.6.13.Final\hibernate-core-6.6.13.Final.jar;C:\Users\HP\.m2\repository\jakarta\persistence\jakarta.persistence-api\3.1.0\jakarta.persistence-api-3.1.0.jar;C:\Users\HP\.m2\repository\jakarta\transaction\jakarta.transaction-api\2.0.1\jakarta.transaction-api-2.0.1.jar;C:\Users\HP\.m2\repository\org\hibernate\common\hibernate-commons-annotations\7.0.3.Final\hibernate-commons-annotations-7.0.3.Final.jar;C:\Users\HP\.m2\repository\io\smallrye\jandex\3.2.0\jandex-3.2.0.jar;C:\Users\HP\.m2\repository\net\bytebuddy\byte-buddy\1.15.11\byte-buddy-1.15.11.jar;C:\Users\HP\.m2\repository\org\glassfish\jaxb\jaxb-runtime\4.0.5\jaxb-runtime-4.0.5.jar;C:\Users\HP\.m2\repository\org\glassfish\jaxb\jaxb-core\4.0.5\jaxb-core-4.0.5.jar;C:\Users\HP\.m2\repository\org\glassfish\jaxb\txw2\4.0.5\txw2-4.0.5.jar;C:\Users\HP\.m2\repository\com\sun\istack\istack-commons-runtime\4.1.2\istack-commons-runtime-4.1.2.jar;C:\Users\HP\.m2\repository\jakarta\inject\jakarta.inject-api\2.0.1\jakarta.inject-api-2.0.1.jar;C:\Users\HP\.m2\repository\org\antlr\antlr4-runtime\4.13.0\antlr4-runtime-4.13.0.jar;C:\Users\HP\.m2\repository\org\springframework\data\spring-data-jpa\3.4.5\spring-data-jpa-3.4.5.jar;C:\Users\HP\.m2\repository\org\springframework\data\spring-data-commons\3.4.5\spring-data-commons-3.4.5.jar;C:\Users\HP\.m2\repository\org\springframework\spring-orm\6.2.6\spring-orm-6.2.6.jar;C:\Users\HP\.m2\repository\org\springframework\spring-tx\6.2.6\spring-tx-6.2.6.jar;C:\Users\HP\.m2\repository\org\slf4j\slf4j-api\2.0.17\slf4j-api-2.0.17.jar;C:\Users\HP\.m2\repository\org\springframework\spring-aspects\6.2.6\spring-aspects-6.2.6.jar;C:\Users\HP\.m2\repository\org\aspectj\aspectjweaver\1.9.24\aspectjweaver-1.9.24.jar;C:\Users\HP\.m2\repository\org\springdoc\springdoc-openapi-starter-webmvc-ui\2.8.8\springdoc-openapi-starter-webmvc-ui-2.8.8.jar;C:\Users\HP\.m2\repository\org\springdoc\springdoc-openapi-starter-webmvc-api\2.8.8\springdoc-openapi-starter-webmvc-api-2.8.8.jar;C:\Users\HP\.m2\repository\org\springdoc\springdoc-openapi-starter-common\2.8.8\springdoc-openapi-starter-common-2.8.8.jar;C:\Users\HP\.m2\repository\io\swagger\core\v3\swagger-core-jakarta\2.2.30\swagger-core-jakarta-2.2.30.jar;C:\Users\HP\.m2\repository\org\apache\commons\commons-lang3\3.17.0\commons-lang3-3.17.0.jar;C:\Users\HP\.m2\repository\io\swagger\core\v3\swagger-annotations-jakarta\2.2.30\swagger-annotations-jakarta-2.2.30.jar;C:\Users\HP\.m2\repository\io\swagger\core\v3\swagger-models-jakarta\2.2.30\swagger-models-jakarta-2.2.30.jar;C:\Users\HP\.m2\repository\com\fasterxml\jackson\dataformat\jackson-dataformat-yaml\2.18.3\jackson-dataformat-yaml-2.18.3.jar;C:\Users\HP\.m2\repository\org\webjars\swagger-ui\5.21.0\swagger-ui-5.21.0.jar;C:\Users\HP\.m2\repository\org\webjars\webjars-locator-lite\1.0.1\webjars-locator-lite-1.0.1.jar;C:\Users\HP\.m2\repository\org\jspecify\jspecify\1.0.0\jspecify-1.0.0.jar;C:\Users\HP\.m2\repository\org\springframework\boot\spring-boot-devtools\3.4.5\spring-boot-devtools-3.4.5.jar;C:\Users\HP\.m2\repository\org\springframework\boot\spring-boot\3.4.5\spring-boot-3.4.5.jar;C:\Users\HP\.m2\repository\org\springframework\boot\spring-boot-autoconfigure\3.4.5\spring-boot-autoconfigure-3.4.5.jar;C:\Users\HP\.m2\repository\com\mysql\mysql-connector-j\9.1.0\mysql-connector-j-9.1.0.jar;C:\Users\HP\.m2\repository\org\projectlombok\lombok\1.18.30\lombok-1.18.30.jar;C:\Users\HP\.m2\repository\jakarta\xml\bind\jakarta.xml.bind-api\4.0.2\jakarta.xml.bind-api-4.0.2.jar;C:\Users\HP\.m2\repository\jakarta\activation\jakarta.activation-api\2.1.3\jakarta.activation-api-2.1.3.jar;C:\Users\HP\.m2\repository\org\springframework\spring-core\6.2.6\spring-core-6.2.6.jar;C:\Users\HP\.m2\repository\org\springframework\spring-jcl\6.2.6\spring-jcl-6.2.6.jar;C:\Users\HP\.m2\repository\org\springframework\boot\spring-boot-starter-mail\3.4.5\spring-boot-starter-mail-3.4.5.jar;C:\Users\HP\.m2\repository\org\springframework\spring-context-support\6.2.6\spring-context-support-6.2.6.jar;C:\Users\HP\.m2\repository\org\eclipse\angus\jakarta.mail\2.0.3\jakarta.mail-2.0.3.jar;C:\Users\HP\.m2\repository\org\eclipse\angus\angus-activation\2.0.2\angus-activation-2.0.2.jar;C:\Users\HP\.m2\repository\ai\djl\model-zoo\0.32.0\model-zoo-0.32.0.jar;C:\Users\HP\.m2\repository\ai\djl\api\0.32.0\api-0.32.0.jar;C:\Users\HP\.m2\repository\com\google\code\gson\gson\2.11.0\gson-2.11.0.jar;C:\Users\HP\.m2\repository\net\java\dev\jna\jna\5.14.0\jna-5.14.0.jar;C:\Users\HP\.m2\repository\org\apache\commons\commons-compress\1.27.1\commons-compress-1.27.1.jar;C:\Users\HP\.m2\repository\ai\djl\pytorch\pytorch-engine\0.26.0\pytorch-engine-0.26.0.jar;C:\Users\HP\.m2\repository\ai\djl\pytorch\pytorch-model-zoo\0.32.0\pytorch-model-zoo-0.32.0.jar;C:\Users\HP\.m2\repository\ai\djl\basicdataset\0.32.0\basicdataset-0.32.0.jar;C:\Users\HP\.m2\repository\org\apache\commons\commons-csv\1.12.0\commons-csv-1.12.0.jar;C:\Users\HP\.m2\repository\commons-io\commons-io\2.17.0\commons-io-2.17.0.jar;C:\Users\HP\.m2\repository\commons-codec\commons-codec\1.17.2\commons-codec-1.17.2.jar
Launcher Type: SUN_STANDARD

[Global flags]
     intx CICompilerCount                          = 4                                         {product} {ergonomic}
     uint ConcGCThreads                            = 2                                         {product} {ergonomic}
     uint G1ConcRefinementThreads                  = 8                                         {product} {ergonomic}
   size_t G1HeapRegionSize                         = 1048576                                   {product} {ergonomic}
    uintx GCDrainStackTargetSize                   = 64                                        {product} {ergonomic}
   size_t InitialHeapSize                          = 100663296                                 {product} {ergonomic}
   size_t MarkStackSize                            = 4194304                                   {product} {ergonomic}
   size_t MaxHeapSize                              = 1589641216                                {product} {ergonomic}
   size_t MaxNewSize                               = 953155584                                 {product} {ergonomic}
   size_t MinHeapDeltaBytes                        = 1048576                                   {product} {ergonomic}
   size_t MinHeapSize                              = 8388608                                   {product} {ergonomic}
    uintx NonNMethodCodeHeapSize                   = 5839372                                {pd product} {ergonomic}
    uintx NonProfiledCodeHeapSize                  = 122909434                              {pd product} {ergonomic}
    uintx ProfiledCodeHeapSize                     = 122909434                              {pd product} {ergonomic}
    uintx ReservedCodeCacheSize                    = 251658240                              {pd product} {ergonomic}
     bool SegmentedCodeCache                       = true                                      {product} {ergonomic}
   size_t SoftMaxHeapSize                          = 1589641216                             {manageable} {ergonomic}
     bool UseCompressedOops                        = true                           {product lp64_product} {ergonomic}
     bool UseG1GC                                  = true                                      {product} {ergonomic}
     bool UseLargePagesIndividualAllocation        = false                                  {pd product} {ergonomic}

Logging:
Log output configuration:
 #0: stdout all=warning uptime,level,tags foldmultilines=false
 #1: stderr all=off uptime,level,tags foldmultilines=false

Environment Variables:
JAVA_HOME=C:\Program Files\Java\jdk-17
PATH=C:\Program Files\Common Files\Oracle\Java\javapath;C:\Windows\system32;C:\Windows;C:\Windows\System32\Wbem;C:\Windows\System32\WindowsPowerShell\v1.0\;C:\Windows\System32\OpenSSH\;C:\Program Files\Git\cmd;C:\Users\HP\AppData\Local\nvm;C:\nvm4w\nodejs;C:\Program Files\Docker\Docker\resources\bin;C:\Program Files\Java\jdk-21\bin;C:\Users\HP\Downloads\apache-maven-3.9.9-bin\apache-maven-3.9.9\bin;C:\Program Files\Java\jdk-17\bin;C:\Program Files (x86)\Google\Cloud SDK\google-cloud-sdk\bin;C:\Program Files\GTK3-Runtime Win64\bin;C:\Users\HP\AppData\Local\Programs\Python\Python311\Scripts\;C:\Users\HP\AppData\Local\Programs\Python\Python311\;C:\Users\HP\.local\bin;C:\Program Files\MySQL\MySQL Shell 8.0\bin\;C:\Users\HP\AppData\Local\Microsoft\WindowsApps;C:\Users\HP\AppData\Local\Programs\Microsoft VS Code\bin;C:\Users\HP\AppData\Local\nvm;C:\nvm4w\nodejs;C:\Program Files\JetBrains\IntelliJ IDEA Community Edition 2024.3.3\bin;;C:\Users\HP\AppData\Roaming\Python\Python311\Scripts;C:\Users\HP\AppData\Local\Programs\cursor\resources\app\bin
USERNAME=HP
OS=Windows_NT
PROCESSOR_IDENTIFIER=AMD64 Family 23 Model 24 Stepping 1, AuthenticAMD
TMP=C:\Users\HP\AppData\Local\Temp
TEMP=C:\Users\HP\AppData\Local\Temp




Periodic native trim disabled

---------------  S Y S T E M  ---------------

OS:
 Windows 10 , 64 bit Build 19041 (10.0.19041.5915)
OS uptime: 8 days 5:58 hours
Hyper-V role detected

CPU: total 8 (initial active 8) (8 cores per cpu, 2 threads per core) family 23 model 24 stepping 1 microcode 0x0, cx8, cmov, fxsr, ht, mmx, 3dnowpref, sse, sse2, sse3, ssse3, sse4a, sse4.1, sse4.2, popcnt, lzcnt, tsc, tscinvbit, avx, avx2, aes, clmul, bmi1, bmi2, adx, sha, fma, vzeroupper, clflush, clflushopt, hv, rdtscp, f16c
Processor Information for all 8 processors :
  Max Mhz: 2100, Current Mhz: 2100, Mhz Limit: 2100

Memory: 4k page, system-wide physical 6058M (33M free)
TotalPageFile size 24490M (AvailPageFile size 3M)
current process WorkingSet (physical memory assigned to process): 108M, peak: 454M
current process commit charge ("private bytes"): 517M, peak: 726M

vm_info: Java HotSpot(TM) 64-Bit Server VM (21.0.6+8-LTS-188) for windows-amd64 JRE (21.0.6+8-LTS-188), built on 2024-12-03T10:50:54Z by "mach5one" with MS VC++ 17.6 (VS2022)

END.
